#
# A fatal error has been detected by the Java Runtime Environment:
#
#  Internal Error (t:/workspace/hotspot/src/share/vm/utilities/constantTag.cpp:60), pid=14696, tid=13144
#  Error: ShouldNotReachHere()
#
# JRE version: Java(TM) SE Runtime Environment (9.0+11) (build 9.0.1+11)
# Java VM: Java HotSpot(TM) 64-Bit Server VM (9.0.1+11, mixed mode, tiered, compressed oops, g1 gc, windows-amd64)
# No core dump will be written. Minidumps are not enabled by default on client versions of Windows
#
# If you would like to submit a bug report, please visit:
#   http://bugreport.java.com/bugreport/crash.jsp
#

---------------  S U M M A R Y ------------

Command Line: -agentlib:jdwp=transport=dt_socket,address=127.0.0.1:58563,suspend=y,server=n -javaagent:C:\Users\ALEXMC~1\AppData\Local\Temp\capture64jars\debugger-agent.jar=C:\Users\ALEXMC~1\AppData\Local\Temp\capture97.props -Dfile.encoding=UTF-8 byog.Core.Game

Host: Intel(R) Core(TM) i7-7500U CPU @ 2.70GHz, 4 cores, 11G,  Windows 10 , 64 bit Build 14393 (10.0.14393.1198)
Time: Sat Mar 03 14:09:44 2018 Pacific Standard Time elapsed time: 51083 seconds (0d 14h 11m 23s)

---------------  T H R E A D  ---------------

Current thread (0x00000182ff500800):  VMThread "VM Thread" [stack: 0x0000007a67200000,0x0000007a67300000] [id=13144]

Stack: [0x0000007a67200000,0x0000007a67300000]
[error occurred during error reporting (printing stack bounds), id 0xe0000000]

Native frames: (J=compiled Java code, j=interpreted, Vv=VM code, C=native code)
V  [jvm.dll+0x5870b8]
V  [jvm.dll+0x69c0ee]
V  [jvm.dll+0x69d00a]
V  [jvm.dll+0x69cb95]
V  [jvm.dll+0x69d5ab]
V  [jvm.dll+0x586916]
V  [jvm.dll+0x586ce8]
C  [ntdll.dll+0xaab6d]
C  [ntdll.dll+0x49933]
C  [ntdll.dll+0xa9c8a]
C  0x00000182e7810e2a

VM_Operation (0x0000007a67cff440): GetOrSetLocal, mode: safepoint, requested by thread 0x00000182ff85a800


---------------  P R O C E S S  ---------------

Java Threads: ( => current thread )
  0x00000182ff878800 JavaThread "Service Thread" daemon [_thread_blocked, id=13880, stack(0x0000007a67f00000,0x0000007a68000000)]
  0x00000182ff85e000 JavaThread "JDWP Command Reader" daemon [_thread_in_native, id=1168, stack(0x0000007a67e00000,0x0000007a67f00000)]
  0x00000182ff85d800 JavaThread "JDWP Event Helper Thread" daemon [_thread_blocked, id=17172, stack(0x0000007a67d00000,0x0000007a67e00000)]
  0x00000182ff85a800 JavaThread "JDWP Transport Listener: dt_socket" daemon [_thread_blocked, id=12120, stack(0x0000007a67c00000,0x0000007a67d00000)]
  0x00000182ff5ae800 JavaThread "Common-Cleaner" daemon [_thread_blocked, id=9052, stack(0x0000007a67b00000,0x0000007a67c00000)]
  0x00000182ff57b800 JavaThread "Sweeper thread" daemon [_thread_blocked, id=13812, stack(0x0000007a67a00000,0x0000007a67b00000)]
  0x00000182ff573000 JavaThread "C1 CompilerThread2" daemon [_thread_blocked, id=16768, stack(0x0000007a67900000,0x0000007a67a00000)]
  0x00000182ff56d800 JavaThread "C2 CompilerThread1" daemon [_thread_blocked, id=3600, stack(0x0000007a67800000,0x0000007a67900000)]
  0x00000182ff55f800 JavaThread "C2 CompilerThread0" daemon [_thread_blocked, id=16100, stack(0x0000007a67700000,0x0000007a67800000)]
  0x00000182ff55e000 JavaThread "Attach Listener" daemon [_thread_blocked, id=14316, stack(0x0000007a67600000,0x0000007a67700000)]
  0x00000182ff55d800 JavaThread "Signal Dispatcher" daemon [_thread_blocked, id=708, stack(0x0000007a67500000,0x0000007a67600000)]
  0x00000182ff517800 JavaThread "Finalizer" daemon [_thread_blocked, id=13732, stack(0x0000007a67400000,0x0000007a67500000)]
  0x00000182ff514800 JavaThread "Reference Handler" daemon [_thread_blocked, id=10440, stack(0x0000007a67300000,0x0000007a67400000)]
  0x00000182db89f000 JavaThread "main" [_thread_blocked, id=700, stack(0x0000007a66600000,0x0000007a66700000)]

Other Threads:
=>0x00000182ff500800 VMThread "VM Thread" [stack: 0x0000007a67200000,0x0000007a67300000] [id=13144]
  0x00000182ff905800 WatcherThread [stack: 0x0000007a68000000,0x0000007a68100000] [id=17216]
  0x00000182db8b6800 GCTaskThread "GC Thread#0" [stack: 0x0000007a66700000,0x0000007a66800000] [id=12684]
  0x00000182db8b8000 GCTaskThread "GC Thread#1" [stack: 0x0000007a66800000,0x0000007a66900000] [id=5696]
  0x00000182db8bb800 GCTaskThread "GC Thread#2" [stack: 0x0000007a66900000,0x0000007a66a00000] [id=13824]
  0x00000182db8be000 GCTaskThread "GC Thread#3" [stack: 0x0000007a66a00000,0x0000007a66b00000] [id=212]
  0x00000182fe5aa000 ConcurrentGCThread "G1 Main Marker" [stack: 0x0000007a67000000,0x0000007a67100000] [id=13532]
  0x00000182fe5b4800 ConcurrentGCThread "G1 Marker#0" [stack: 0x0000007a67100000,0x0000007a67200000] [id=4976]
  0x00000182db8c9000 ConcurrentGCThread "G1 Refine#0" [stack: 0x0000007a66e00000,0x0000007a66f00000] [id=6052]
  0x00000182db8c5800 ConcurrentGCThread "G1 Refine#1" [stack: 0x0000007a66d00000,0x0000007a66e00000] [id=10656]
  0x00000182db8c2800 ConcurrentGCThread "G1 Refine#2" [stack: 0x0000007a66c00000,0x0000007a66d00000] [id=10568]
  0x00000182db8c0000 ConcurrentGCThread "G1 Refine#3" [stack: 0x0000007a66b00000,0x0000007a66c00000] [id=13148]
  0x00000182db8ce800 ConcurrentGCThread "G1 Young RemSet Sampling" [stack: 0x0000007a66f00000,0x0000007a67000000] [id=8232]

Threads with active compile tasks:

VM state:at safepoint (normal execution)

VM Mutex/Monitor currently owned by a thread:  ([mutex/lock_event])
[0x00000182db89d1c0] Threads_lock - owner thread: 0x00000182ff500800

Heap address: 0x0000000701400000, size: 3052 MB, Compressed Oops mode: Zero based, Oop shift amount: 3
Narrow klass base: 0x0000000000000000, Narrow klass shift: 3
Compressed class space size: 1073741824 Address: 0x00000007c0000000

Heap:
 garbage-first heap   total 196608K, used 4096K [0x0000000701400000, 0x0000000701500600, 0x00000007c0000000)
  region size 1024K, 5 young (5120K), 0 survivors (0K)
 Metaspace       used 6180K, capacity 6314K, committed 6528K, reserved 1056768K
  class space    used 519K, capacity 569K, committed 640K, reserved 1048576K
Heap Regions: E=young(eden), S=young(survivor), O=old, HS=humongous(starts), HC=humongous(continues), CS=collection set, F=free, A=archive, TS=gc time stamp, AC=allocation context, TAMS=top-at-mark-start (previous, next)
|   0|0x0000000701400000, 0x0000000701400000, 0x0000000701500000|  0%| F|  |TS  0|AC  0|TAMS 0x0000000701400000, 0x0000000701400000|
|   1|0x0000000701500000, 0x0000000701500000, 0x0000000701600000|  0%| F|  |TS  0|AC  0|TAMS 0x0000000701500000, 0x0000000701500000|
|   2|0x0000000701600000, 0x0000000701600000, 0x0000000701700000|  0%| F|  |TS  0|AC  0|TAMS 0x0000000701600000, 0x0000000701600000|
|   3|0x0000000701700000, 0x0000000701700000, 0x0000000701800000|  0%| F|  |TS  0|AC  0|TAMS 0x0000000701700000, 0x0000000701700000|
|   4|0x0000000701800000, 0x0000000701800000, 0x0000000701900000|  0%| F|  |TS  0|AC  0|TAMS 0x0000000701800000, 0x0000000701800000|
|   5|0x0000000701900000, 0x0000000701900000, 0x0000000701a00000|  0%| F|  |TS  0|AC  0|TAMS 0x0000000701900000, 0x0000000701900000|
|   6|0x0000000701a00000, 0x0000000701a00000, 0x0000000701b00000|  0%| F|  |TS  0|AC  0|TAMS 0x0000000701a00000, 0x0000000701a00000|
|   7|0x0000000701b00000, 0x0000000701b00000, 0x0000000701c00000|  0%| F|  |TS  0|AC  0|TAMS 0x0000000701b00000, 0x0000000701b00000|
|   8|0x0000000701c00000, 0x0000000701c00000, 0x0000000701d00000|  0%| F|  |TS  0|AC  0|TAMS 0x0000000701c00000, 0x0000000701c00000|
|   9|0x0000000701d00000, 0x0000000701d00000, 0x0000000701e00000|  0%| F|  |TS  0|AC  0|TAMS 0x0000000701d00000, 0x0000000701d00000|
|  10|0x0000000701e00000, 0x0000000701e00000, 0x0000000701f00000|  0%| F|  |TS  0|AC  0|TAMS 0x0000000701e00000, 0x0000000701e00000|
|  11|0x0000000701f00000, 0x0000000701f00000, 0x0000000702000000|  0%| F|  |TS  0|AC  0|TAMS 0x0000000701f00000, 0x0000000701f00000|
|  12|0x0000000702000000, 0x0000000702000000, 0x0000000702100000|  0%| F|  |TS  0|AC  0|TAMS 0x0000000702000000, 0x0000000702000000|
|  13|0x0000000702100000, 0x0000000702100000, 0x0000000702200000|  0%| F|  |TS  0|AC  0|TAMS 0x0000000702100000, 0x0000000702100000|
|  14|0x0000000702200000, 0x0000000702200000, 0x0000000702300000|  0%| F|  |TS  0|AC  0|TAMS 0x0000000702200000, 0x0000000702200000|
|  15|0x0000000702300000, 0x0000000702300000, 0x0000000702400000|  0%| F|  |TS  0|AC  0|TAMS 0x0000000702300000, 0x0000000702300000|
|  16|0x0000000702400000, 0x0000000702400000, 0x0000000702500000|  0%| F|  |TS  0|AC  0|TAMS 0x0000000702400000, 0x0000000702400000|
|  17|0x0000000702500000, 0x0000000702500000, 0x0000000702600000|  0%| F|  |TS  0|AC  0|TAMS 0x0000000702500000, 0x0000000702500000|
|  18|0x0000000702600000, 0x0000000702600000, 0x0000000702700000|  0%| F|  |TS  0|AC  0|TAMS 0x0000000702600000, 0x0000000702600000|
|  19|0x0000000702700000, 0x0000000702700000, 0x0000000702800000|  0%| F|  |TS  0|AC  0|TAMS 0x0000000702700000, 0x0000000702700000|
|  20|0x0000000702800000, 0x0000000702800000, 0x0000000702900000|  0%| F|  |TS  0|AC  0|TAMS 0x0000000702800000, 0x0000000702800000|
|  21|0x0000000702900000, 0x0000000702900000, 0x0000000702a00000|  0%| F|  |TS  0|AC  0|TAMS 0x0000000702900000, 0x0000000702900000|
|  22|0x0000000702a00000, 0x0000000702a00000, 0x0000000702b00000|  0%| F|  |TS  0|AC  0|TAMS 0x0000000702a00000, 0x0000000702a00000|
|  23|0x0000000702b00000, 0x0000000702b00000, 0x0000000702c00000|  0%| F|  |TS  0|AC  0|TAMS 0x0000000702b00000, 0x0000000702b00000|
|  24|0x0000000702c00000, 0x0000000702c00000, 0x0000000702d00000|  0%| F|  |TS  0|AC  0|TAMS 0x0000000702c00000, 0x0000000702c00000|
|  25|0x0000000702d00000, 0x0000000702d00000, 0x0000000702e00000|  0%| F|  |TS  0|AC  0|TAMS 0x0000000702d00000, 0x0000000702d00000|
|  26|0x0000000702e00000, 0x0000000702e00000, 0x0000000702f00000|  0%| F|  |TS  0|AC  0|TAMS 0x0000000702e00000, 0x0000000702e00000|
|  27|0x0000000702f00000, 0x0000000702f00000, 0x0000000703000000|  0%| F|  |TS  0|AC  0|TAMS 0x0000000702f00000, 0x0000000702f00000|
|  28|0x0000000703000000, 0x0000000703000000, 0x0000000703100000|  0%| F|  |TS  0|AC  0|TAMS 0x0000000703000000, 0x0000000703000000|
|  29|0x0000000703100000, 0x0000000703100000, 0x0000000703200000|  0%| F|  |TS  0|AC  0|TAMS 0x0000000703100000, 0x0000000703100000|
|  30|0x0000000703200000, 0x0000000703200000, 0x0000000703300000|  0%| F|  |TS  0|AC  0|TAMS 0x0000000703200000, 0x0000000703200000|
|  31|0x0000000703300000, 0x0000000703300000, 0x0000000703400000|  0%| F|  |TS  0|AC  0|TAMS 0x0000000703300000, 0x0000000703300000|
|  32|0x0000000703400000, 0x0000000703400000, 0x0000000703500000|  0%| F|  |TS  0|AC  0|TAMS 0x0000000703400000, 0x0000000703400000|
|  33|0x0000000703500000, 0x0000000703500000, 0x0000000703600000|  0%| F|  |TS  0|AC  0|TAMS 0x0000000703500000, 0x0000000703500000|
|  34|0x0000000703600000, 0x0000000703600000, 0x0000000703700000|  0%| F|  |TS  0|AC  0|TAMS 0x0000000703600000, 0x0000000703600000|
|  35|0x0000000703700000, 0x0000000703700000, 0x0000000703800000|  0%| F|  |TS  0|AC  0|TAMS 0x0000000703700000, 0x0000000703700000|
|  36|0x0000000703800000, 0x0000000703800000, 0x0000000703900000|  0%| F|  |TS  0|AC  0|TAMS 0x0000000703800000, 0x0000000703800000|
|  37|0x0000000703900000, 0x0000000703900000, 0x0000000703a00000|  0%| F|  |TS  0|AC  0|TAMS 0x0000000703900000, 0x0000000703900000|
|  38|0x0000000703a00000, 0x0000000703a00000, 0x0000000703b00000|  0%| F|  |TS  0|AC  0|TAMS 0x0000000703a00000, 0x0000000703a00000|
|  39|0x0000000703b00000, 0x0000000703b00000, 0x0000000703c00000|  0%| F|  |TS  0|AC  0|TAMS 0x0000000703b00000, 0x0000000703b00000|
|  40|0x0000000703c00000, 0x0000000703c00000, 0x0000000703d00000|  0%| F|  |TS  0|AC  0|TAMS 0x0000000703c00000, 0x0000000703c00000|
|  41|0x0000000703d00000, 0x0000000703d00000, 0x0000000703e00000|  0%| F|  |TS  0|AC  0|TAMS 0x0000000703d00000, 0x0000000703d00000|
|  42|0x0000000703e00000, 0x0000000703e00000, 0x0000000703f00000|  0%| F|  |TS  0|AC  0|TAMS 0x0000000703e00000, 0x0000000703e00000|
|  43|0x0000000703f00000, 0x0000000703f00000, 0x0000000704000000|  0%| F|  |TS  0|AC  0|TAMS 0x0000000703f00000, 0x0000000703f00000|
|  44|0x0000000704000000, 0x0000000704000000, 0x0000000704100000|  0%| F|  |TS  0|AC  0|TAMS 0x0000000704000000, 0x0000000704000000|
|  45|0x0000000704100000, 0x0000000704100000, 0x0000000704200000|  0%| F|  |TS  0|AC  0|TAMS 0x0000000704100000, 0x0000000704100000|
|  46|0x0000000704200000, 0x0000000704200000, 0x0000000704300000|  0%| F|  |TS  0|AC  0|TAMS 0x0000000704200000, 0x0000000704200000|
|  47|0x0000000704300000, 0x0000000704300000, 0x0000000704400000|  0%| F|  |TS  0|AC  0|TAMS 0x0000000704300000, 0x0000000704300000|
|  48|0x0000000704400000, 0x0000000704400000, 0x0000000704500000|  0%| F|  |TS  0|AC  0|TAMS 0x0000000704400000, 0x0000000704400000|
|  49|0x0000000704500000, 0x0000000704500000, 0x0000000704600000|  0%| F|  |TS  0|AC  0|TAMS 0x0000000704500000, 0x0000000704500000|
|  50|0x0000000704600000, 0x0000000704600000, 0x0000000704700000|  0%| F|  |TS  0|AC  0|TAMS 0x0000000704600000, 0x0000000704600000|
|  51|0x0000000704700000, 0x0000000704700000, 0x0000000704800000|  0%| F|  |TS  0|AC  0|TAMS 0x0000000704700000, 0x0000000704700000|
|  52|0x0000000704800000, 0x0000000704800000, 0x0000000704900000|  0%| F|  |TS  0|AC  0|TAMS 0x0000000704800000, 0x0000000704800000|
|  53|0x0000000704900000, 0x0000000704900000, 0x0000000704a00000|  0%| F|  |TS  0|AC  0|TAMS 0x0000000704900000, 0x0000000704900000|
|  54|0x0000000704a00000, 0x0000000704a00000, 0x0000000704b00000|  0%| F|  |TS  0|AC  0|TAMS 0x0000000704a00000, 0x0000000704a00000|
|  55|0x0000000704b00000, 0x0000000704b00000, 0x0000000704c00000|  0%| F|  |TS  0|AC  0|TAMS 0x0000000704b00000, 0x0000000704b00000|
|  56|0x0000000704c00000, 0x0000000704c00000, 0x0000000704d00000|  0%| F|  |TS  0|AC  0|TAMS 0x0000000704c00000, 0x0000000704c00000|
|  57|0x0000000704d00000, 0x0000000704d00000, 0x0000000704e00000|  0%| F|  |TS  0|AC  0|TAMS 0x0000000704d00000, 0x0000000704d00000|
|  58|0x0000000704e00000, 0x0000000704e00000, 0x0000000704f00000|  0%| F|  |TS  0|AC  0|TAMS 0x0000000704e00000, 0x0000000704e00000|
|  59|0x0000000704f00000, 0x0000000704f00000, 0x0000000705000000|  0%| F|  |TS  0|AC  0|TAMS 0x0000000704f00000, 0x0000000704f00000|
|  60|0x0000000705000000, 0x0000000705000000, 0x0000000705100000|  0%| F|  |TS  0|AC  0|TAMS 0x0000000705000000, 0x0000000705000000|
|  61|0x0000000705100000, 0x0000000705100000, 0x0000000705200000|  0%| F|  |TS  0|AC  0|TAMS 0x0000000705100000, 0x0000000705100000|
|  62|0x0000000705200000, 0x0000000705200000, 0x0000000705300000|  0%| F|  |TS  0|AC  0|TAMS 0x0000000705200000, 0x0000000705200000|
|  63|0x0000000705300000, 0x0000000705300000, 0x0000000705400000|  0%| F|  |TS  0|AC  0|TAMS 0x0000000705300000, 0x0000000705300000|
|  64|0x0000000705400000, 0x0000000705400000, 0x0000000705500000|  0%| F|  |TS  0|AC  0|TAMS 0x0000000705400000, 0x0000000705400000|
|  65|0x0000000705500000, 0x0000000705500000, 0x0000000705600000|  0%| F|  |TS  0|AC  0|TAMS 0x0000000705500000, 0x0000000705500000|
|  66|0x0000000705600000, 0x0000000705600000, 0x0000000705700000|  0%| F|  |TS  0|AC  0|TAMS 0x0000000705600000, 0x0000000705600000|
|  67|0x0000000705700000, 0x0000000705700000, 0x0000000705800000|  0%| F|  |TS  0|AC  0|TAMS 0x0000000705700000, 0x0000000705700000|
|  68|0x0000000705800000, 0x0000000705800000, 0x0000000705900000|  0%| F|  |TS  0|AC  0|TAMS 0x0000000705800000, 0x0000000705800000|
|  69|0x0000000705900000, 0x0000000705900000, 0x0000000705a00000|  0%| F|  |TS  0|AC  0|TAMS 0x0000000705900000, 0x0000000705900000|
|  70|0x0000000705a00000, 0x0000000705a00000, 0x0000000705b00000|  0%| F|  |TS  0|AC  0|TAMS 0x0000000705a00000, 0x0000000705a00000|
|  71|0x0000000705b00000, 0x0000000705b00000, 0x0000000705c00000|  0%| F|  |TS  0|AC  0|TAMS 0x0000000705b00000, 0x0000000705b00000|
|  72|0x0000000705c00000, 0x0000000705c00000, 0x0000000705d00000|  0%| F|  |TS  0|AC  0|TAMS 0x0000000705c00000, 0x0000000705c00000|
|  73|0x0000000705d00000, 0x0000000705d00000, 0x0000000705e00000|  0%| F|  |TS  0|AC  0|TAMS 0x0000000705d00000, 0x0000000705d00000|
|  74|0x0000000705e00000, 0x0000000705e00000, 0x0000000705f00000|  0%| F|  |TS  0|AC  0|TAMS 0x0000000705e00000, 0x0000000705e00000|
|  75|0x0000000705f00000, 0x0000000705f00000, 0x0000000706000000|  0%| F|  |TS  0|AC  0|TAMS 0x0000000705f00000, 0x0000000705f00000|
|  76|0x0000000706000000, 0x0000000706000000, 0x0000000706100000|  0%| F|  |TS  0|AC  0|TAMS 0x0000000706000000, 0x0000000706000000|
|  77|0x0000000706100000, 0x0000000706100000, 0x0000000706200000|  0%| F|  |TS  0|AC  0|TAMS 0x0000000706100000, 0x0000000706100000|
|  78|0x0000000706200000, 0x0000000706200000, 0x0000000706300000|  0%| F|  |TS  0|AC  0|TAMS 0x0000000706200000, 0x0000000706200000|
|  79|0x0000000706300000, 0x0000000706300000, 0x0000000706400000|  0%| F|  |TS  0|AC  0|TAMS 0x0000000706300000, 0x0000000706300000|
|  80|0x0000000706400000, 0x0000000706400000, 0x0000000706500000|  0%| F|  |TS  0|AC  0|TAMS 0x0000000706400000, 0x0000000706400000|
|  81|0x0000000706500000, 0x0000000706500000, 0x0000000706600000|  0%| F|  |TS  0|AC  0|TAMS 0x0000000706500000, 0x0000000706500000|
|  82|0x0000000706600000, 0x0000000706600000, 0x0000000706700000|  0%| F|  |TS  0|AC  0|TAMS 0x0000000706600000, 0x0000000706600000|
|  83|0x0000000706700000, 0x0000000706700000, 0x0000000706800000|  0%| F|  |TS  0|AC  0|TAMS 0x0000000706700000, 0x0000000706700000|
|  84|0x0000000706800000, 0x0000000706800000, 0x0000000706900000|  0%| F|  |TS  0|AC  0|TAMS 0x0000000706800000, 0x0000000706800000|
|  85|0x0000000706900000, 0x0000000706900000, 0x0000000706a00000|  0%| F|  |TS  0|AC  0|TAMS 0x0000000706900000, 0x0000000706900000|
|  86|0x0000000706a00000, 0x0000000706a00000, 0x0000000706b00000|  0%| F|  |TS  0|AC  0|TAMS 0x0000000706a00000, 0x0000000706a00000|
|  87|0x0000000706b00000, 0x0000000706b00000, 0x0000000706c00000|  0%| F|  |TS  0|AC  0|TAMS 0x0000000706b00000, 0x0000000706b00000|
|  88|0x0000000706c00000, 0x0000000706c00000, 0x0000000706d00000|  0%| F|  |TS  0|AC  0|TAMS 0x0000000706c00000, 0x0000000706c00000|
|  89|0x0000000706d00000, 0x0000000706d00000, 0x0000000706e00000|  0%| F|  |TS  0|AC  0|TAMS 0x0000000706d00000, 0x0000000706d00000|
|  90|0x0000000706e00000, 0x0000000706e00000, 0x0000000706f00000|  0%| F|  |TS  0|AC  0|TAMS 0x0000000706e00000, 0x0000000706e00000|
|  91|0x0000000706f00000, 0x0000000706f00000, 0x0000000707000000|  0%| F|  |TS  0|AC  0|TAMS 0x0000000706f00000, 0x0000000706f00000|
|  92|0x0000000707000000, 0x0000000707000000, 0x0000000707100000|  0%| F|  |TS  0|AC  0|TAMS 0x0000000707000000, 0x0000000707000000|
|  93|0x0000000707100000, 0x0000000707100000, 0x0000000707200000|  0%| F|  |TS  0|AC  0|TAMS 0x0000000707100000, 0x0000000707100000|
|  94|0x0000000707200000, 0x0000000707200000, 0x0000000707300000|  0%| F|  |TS  0|AC  0|TAMS 0x0000000707200000, 0x0000000707200000|
|  95|0x0000000707300000, 0x0000000707300000, 0x0000000707400000|  0%| F|  |TS  0|AC  0|TAMS 0x0000000707300000, 0x0000000707300000|
|  96|0x0000000707400000, 0x0000000707400000, 0x0000000707500000|  0%| F|  |TS  0|AC  0|TAMS 0x0000000707400000, 0x0000000707400000|
|  97|0x0000000707500000, 0x0000000707500000, 0x0000000707600000|  0%| F|  |TS  0|AC  0|TAMS 0x0000000707500000, 0x0000000707500000|
|  98|0x0000000707600000, 0x0000000707600000, 0x0000000707700000|  0%| F|  |TS  0|AC  0|TAMS 0x0000000707600000, 0x0000000707600000|
|  99|0x0000000707700000, 0x0000000707700000, 0x0000000707800000|  0%| F|  |TS  0|AC  0|TAMS 0x0000000707700000, 0x0000000707700000|
| 100|0x0000000707800000, 0x0000000707800000, 0x0000000707900000|  0%| F|  |TS  0|AC  0|TAMS 0x0000000707800000, 0x0000000707800000|
| 101|0x0000000707900000, 0x0000000707900000, 0x0000000707a00000|  0%| F|  |TS  0|AC  0|TAMS 0x0000000707900000, 0x0000000707900000|
| 102|0x0000000707a00000, 0x0000000707a00000, 0x0000000707b00000|  0%| F|  |TS  0|AC  0|TAMS 0x0000000707a00000, 0x0000000707a00000|
| 103|0x0000000707b00000, 0x0000000707b00000, 0x0000000707c00000|  0%| F|  |TS  0|AC  0|TAMS 0x0000000707b00000, 0x0000000707b00000|
| 104|0x0000000707c00000, 0x0000000707c00000, 0x0000000707d00000|  0%| F|  |TS  0|AC  0|TAMS 0x0000000707c00000, 0x0000000707c00000|
| 105|0x0000000707d00000, 0x0000000707d00000, 0x0000000707e00000|  0%| F|  |TS  0|AC  0|TAMS 0x0000000707d00000, 0x0000000707d00000|
| 106|0x0000000707e00000, 0x0000000707e00000, 0x0000000707f00000|  0%| F|  |TS  0|AC  0|TAMS 0x0000000707e00000, 0x0000000707e00000|
| 107|0x0000000707f00000, 0x0000000707f00000, 0x0000000708000000|  0%| F|  |TS  0|AC  0|TAMS 0x0000000707f00000, 0x0000000707f00000|
| 108|0x0000000708000000, 0x0000000708000000, 0x0000000708100000|  0%| F|  |TS  0|AC  0|TAMS 0x0000000708000000, 0x0000000708000000|
| 109|0x0000000708100000, 0x0000000708100000, 0x0000000708200000|  0%| F|  |TS  0|AC  0|TAMS 0x0000000708100000, 0x0000000708100000|
| 110|0x0000000708200000, 0x0000000708200000, 0x0000000708300000|  0%| F|  |TS  0|AC  0|TAMS 0x0000000708200000, 0x0000000708200000|
| 111|0x0000000708300000, 0x0000000708300000, 0x0000000708400000|  0%| F|  |TS  0|AC  0|TAMS 0x0000000708300000, 0x0000000708300000|
| 112|0x0000000708400000, 0x0000000708400000, 0x0000000708500000|  0%| F|  |TS  0|AC  0|TAMS 0x0000000708400000, 0x0000000708400000|
| 113|0x0000000708500000, 0x0000000708500000, 0x0000000708600000|  0%| F|  |TS  0|AC  0|TAMS 0x0000000708500000, 0x0000000708500000|
| 114|0x0000000708600000, 0x0000000708600000, 0x0000000708700000|  0%| F|  |TS  0|AC  0|TAMS 0x0000000708600000, 0x0000000708600000|
| 115|0x0000000708700000, 0x0000000708700000, 0x0000000708800000|  0%| F|  |TS  0|AC  0|TAMS 0x0000000708700000, 0x0000000708700000|
| 116|0x0000000708800000, 0x0000000708800000, 0x0000000708900000|  0%| F|  |TS  0|AC  0|TAMS 0x0000000708800000, 0x0000000708800000|
| 117|0x0000000708900000, 0x0000000708900000, 0x0000000708a00000|  0%| F|  |TS  0|AC  0|TAMS 0x0000000708900000, 0x0000000708900000|
| 118|0x0000000708a00000, 0x0000000708a00000, 0x0000000708b00000|  0%| F|  |TS  0|AC  0|TAMS 0x0000000708a00000, 0x0000000708a00000|
| 119|0x0000000708b00000, 0x0000000708b00000, 0x0000000708c00000|  0%| F|  |TS  0|AC  0|TAMS 0x0000000708b00000, 0x0000000708b00000|
| 120|0x0000000708c00000, 0x0000000708c00000, 0x0000000708d00000|  0%| F|  |TS  0|AC  0|TAMS 0x0000000708c00000, 0x0000000708c00000|
| 121|0x0000000708d00000, 0x0000000708d00000, 0x0000000708e00000|  0%| F|  |TS  0|AC  0|TAMS 0x0000000708d00000, 0x0000000708d00000|
| 122|0x0000000708e00000, 0x0000000708e00000, 0x0000000708f00000|  0%| F|  |TS  0|AC  0|TAMS 0x0000000708e00000, 0x0000000708e00000|
| 123|0x0000000708f00000, 0x0000000708f00000, 0x0000000709000000|  0%| F|  |TS  0|AC  0|TAMS 0x0000000708f00000, 0x0000000708f00000|
| 124|0x0000000709000000, 0x0000000709000000, 0x0000000709100000|  0%| F|  |TS  0|AC  0|TAMS 0x0000000709000000, 0x0000000709000000|
| 125|0x0000000709100000, 0x0000000709100000, 0x0000000709200000|  0%| F|  |TS  0|AC  0|TAMS 0x0000000709100000, 0x0000000709100000|
| 126|0x0000000709200000, 0x0000000709200000, 0x0000000709300000|  0%| F|  |TS  0|AC  0|TAMS 0x0000000709200000, 0x0000000709200000|
| 127|0x0000000709300000, 0x0000000709300000, 0x0000000709400000|  0%| F|  |TS  0|AC  0|TAMS 0x0000000709300000, 0x0000000709300000|
| 128|0x0000000709400000, 0x0000000709400000, 0x0000000709500000|  0%| F|  |TS  0|AC  0|TAMS 0x0000000709400000, 0x0000000709400000|
| 129|0x0000000709500000, 0x0000000709500000, 0x0000000709600000|  0%| F|  |TS  0|AC  0|TAMS 0x0000000709500000, 0x0000000709500000|
| 130|0x0000000709600000, 0x0000000709600000, 0x0000000709700000|  0%| F|  |TS  0|AC  0|TAMS 0x0000000709600000, 0x0000000709600000|
| 131|0x0000000709700000, 0x0000000709700000, 0x0000000709800000|  0%| F|  |TS  0|AC  0|TAMS 0x0000000709700000, 0x0000000709700000|
| 132|0x0000000709800000, 0x0000000709800000, 0x0000000709900000|  0%| F|  |TS  0|AC  0|TAMS 0x0000000709800000, 0x0000000709800000|
| 133|0x0000000709900000, 0x0000000709900000, 0x0000000709a00000|  0%| F|  |TS  0|AC  0|TAMS 0x0000000709900000, 0x0000000709900000|
| 134|0x0000000709a00000, 0x0000000709a00000, 0x0000000709b00000|  0%| F|  |TS  0|AC  0|TAMS 0x0000000709a00000, 0x0000000709a00000|
| 135|0x0000000709b00000, 0x0000000709b00000, 0x0000000709c00000|  0%| F|  |TS  0|AC  0|TAMS 0x0000000709b00000, 0x0000000709b00000|
| 136|0x0000000709c00000, 0x0000000709c00000, 0x0000000709d00000|  0%| F|  |TS  0|AC  0|TAMS 0x0000000709c00000, 0x0000000709c00000|
| 137|0x0000000709d00000, 0x0000000709d00000, 0x0000000709e00000|  0%| F|  |TS  0|AC  0|TAMS 0x0000000709d00000, 0x0000000709d00000|
| 138|0x0000000709e00000, 0x0000000709e00000, 0x0000000709f00000|  0%| F|  |TS  0|AC  0|TAMS 0x0000000709e00000, 0x0000000709e00000|
| 139|0x0000000709f00000, 0x0000000709f00000, 0x000000070a000000|  0%| F|  |TS  0|AC  0|TAMS 0x0000000709f00000, 0x0000000709f00000|
| 140|0x000000070a000000, 0x000000070a000000, 0x000000070a100000|  0%| F|  |TS  0|AC  0|TAMS 0x000000070a000000, 0x000000070a000000|
| 141|0x000000070a100000, 0x000000070a100000, 0x000000070a200000|  0%| F|  |TS  0|AC  0|TAMS 0x000000070a100000, 0x000000070a100000|
| 142|0x000000070a200000, 0x000000070a200000, 0x000000070a300000|  0%| F|  |TS  0|AC  0|TAMS 0x000000070a200000, 0x000000070a200000|
| 143|0x000000070a300000, 0x000000070a300000, 0x000000070a400000|  0%| F|  |TS  0|AC  0|TAMS 0x000000070a300000, 0x000000070a300000|
| 144|0x000000070a400000, 0x000000070a400000, 0x000000070a500000|  0%| F|  |TS  0|AC  0|TAMS 0x000000070a400000, 0x000000070a400000|
| 145|0x000000070a500000, 0x000000070a500000, 0x000000070a600000|  0%| F|  |TS  0|AC  0|TAMS 0x000000070a500000, 0x000000070a500000|
| 146|0x000000070a600000, 0x000000070a600000, 0x000000070a700000|  0%| F|  |TS  0|AC  0|TAMS 0x000000070a600000, 0x000000070a600000|
| 147|0x000000070a700000, 0x000000070a700000, 0x000000070a800000|  0%| F|  |TS  0|AC  0|TAMS 0x000000070a700000, 0x000000070a700000|
| 148|0x000000070a800000, 0x000000070a800000, 0x000000070a900000|  0%| F|  |TS  0|AC  0|TAMS 0x000000070a800000, 0x000000070a800000|
| 149|0x000000070a900000, 0x000000070a900000, 0x000000070aa00000|  0%| F|  |TS  0|AC  0|TAMS 0x000000070a900000, 0x000000070a900000|
| 150|0x000000070aa00000, 0x000000070aa00000, 0x000000070ab00000|  0%| F|  |TS  0|AC  0|TAMS 0x000000070aa00000, 0x000000070aa00000|
| 151|0x000000070ab00000, 0x000000070ab00000, 0x000000070ac00000|  0%| F|  |TS  0|AC  0|TAMS 0x000000070ab00000, 0x000000070ab00000|
| 152|0x000000070ac00000, 0x000000070ac00000, 0x000000070ad00000|  0%| F|  |TS  0|AC  0|TAMS 0x000000070ac00000, 0x000000070ac00000|
| 153|0x000000070ad00000, 0x000000070ad00000, 0x000000070ae00000|  0%| F|  |TS  0|AC  0|TAMS 0x000000070ad00000, 0x000000070ad00000|
| 154|0x000000070ae00000, 0x000000070ae00000, 0x000000070af00000|  0%| F|  |TS  0|AC  0|TAMS 0x000000070ae00000, 0x000000070ae00000|
| 155|0x000000070af00000, 0x000000070af00000, 0x000000070b000000|  0%| F|  |TS  0|AC  0|TAMS 0x000000070af00000, 0x000000070af00000|
| 156|0x000000070b000000, 0x000000070b000000, 0x000000070b100000|  0%| F|  |TS  0|AC  0|TAMS 0x000000070b000000, 0x000000070b000000|
| 157|0x000000070b100000, 0x000000070b100000, 0x000000070b200000|  0%| F|  |TS  0|AC  0|TAMS 0x000000070b100000, 0x000000070b100000|
| 158|0x000000070b200000, 0x000000070b200000, 0x000000070b300000|  0%| F|  |TS  0|AC  0|TAMS 0x000000070b200000, 0x000000070b200000|
| 159|0x000000070b300000, 0x000000070b300000, 0x000000070b400000|  0%| F|  |TS  0|AC  0|TAMS 0x000000070b300000, 0x000000070b300000|
| 160|0x000000070b400000, 0x000000070b400000, 0x000000070b500000|  0%| F|  |TS  0|AC  0|TAMS 0x000000070b400000, 0x000000070b400000|
| 161|0x000000070b500000, 0x000000070b500000, 0x000000070b600000|  0%| F|  |TS  0|AC  0|TAMS 0x000000070b500000, 0x000000070b500000|
| 162|0x000000070b600000, 0x000000070b600000, 0x000000070b700000|  0%| F|  |TS  0|AC  0|TAMS 0x000000070b600000, 0x000000070b600000|
| 163|0x000000070b700000, 0x000000070b700000, 0x000000070b800000|  0%| F|  |TS  0|AC  0|TAMS 0x000000070b700000, 0x000000070b700000|
| 164|0x000000070b800000, 0x000000070b800000, 0x000000070b900000|  0%| F|  |TS  0|AC  0|TAMS 0x000000070b800000, 0x000000070b800000|
| 165|0x000000070b900000, 0x000000070b900000, 0x000000070ba00000|  0%| F|  |TS  0|AC  0|TAMS 0x000000070b900000, 0x000000070b900000|
| 166|0x000000070ba00000, 0x000000070ba00000, 0x000000070bb00000|  0%| F|  |TS  0|AC  0|TAMS 0x000000070ba00000, 0x000000070ba00000|
| 167|0x000000070bb00000, 0x000000070bb00000, 0x000000070bc00000|  0%| F|  |TS  0|AC  0|TAMS 0x000000070bb00000, 0x000000070bb00000|
| 168|0x000000070bc00000, 0x000000070bc00000, 0x000000070bd00000|  0%| F|  |TS  0|AC  0|TAMS 0x000000070bc00000, 0x000000070bc00000|
| 169|0x000000070bd00000, 0x000000070bd00000, 0x000000070be00000|  0%| F|  |TS  0|AC  0|TAMS 0x000000070bd00000, 0x000000070bd00000|
| 170|0x000000070be00000, 0x000000070be00000, 0x000000070bf00000|  0%| F|  |TS  0|AC  0|TAMS 0x000000070be00000, 0x000000070be00000|
| 171|0x000000070bf00000, 0x000000070bf00000, 0x000000070c000000|  0%| F|  |TS  0|AC  0|TAMS 0x000000070bf00000, 0x000000070bf00000|
| 172|0x000000070c000000, 0x000000070c000000, 0x000000070c100000|  0%| F|  |TS  0|AC  0|TAMS 0x000000070c000000, 0x000000070c000000|
| 173|0x000000070c100000, 0x000000070c100000, 0x000000070c200000|  0%| F|  |TS  0|AC  0|TAMS 0x000000070c100000, 0x000000070c100000|
| 174|0x000000070c200000, 0x000000070c200000, 0x000000070c300000|  0%| F|  |TS  0|AC  0|TAMS 0x000000070c200000, 0x000000070c200000|
| 175|0x000000070c300000, 0x000000070c300000, 0x000000070c400000|  0%| F|  |TS  0|AC  0|TAMS 0x000000070c300000, 0x000000070c300000|
| 176|0x000000070c400000, 0x000000070c400000, 0x000000070c500000|  0%| F|  |TS  0|AC  0|TAMS 0x000000070c400000, 0x000000070c400000|
| 177|0x000000070c500000, 0x000000070c500000, 0x000000070c600000|  0%| F|  |TS  0|AC  0|TAMS 0x000000070c500000, 0x000000070c500000|
| 178|0x000000070c600000, 0x000000070c600000, 0x000000070c700000|  0%| F|  |TS  0|AC  0|TAMS 0x000000070c600000, 0x000000070c600000|
| 179|0x000000070c700000, 0x000000070c700000, 0x000000070c800000|  0%| F|  |TS  0|AC  0|TAMS 0x000000070c700000, 0x000000070c700000|
| 180|0x000000070c800000, 0x000000070c800000, 0x000000070c900000|  0%| F|  |TS  0|AC  0|TAMS 0x000000070c800000, 0x000000070c800000|
| 181|0x000000070c900000, 0x000000070c900000, 0x000000070ca00000|  0%| F|  |TS  0|AC  0|TAMS 0x000000070c900000, 0x000000070c900000|
| 182|0x000000070ca00000, 0x000000070ca00000, 0x000000070cb00000|  0%| F|  |TS  0|AC  0|TAMS 0x000000070ca00000, 0x000000070ca00000|
| 183|0x000000070cb00000, 0x000000070cb00000, 0x000000070cc00000|  0%| F|  |TS  0|AC  0|TAMS 0x000000070cb00000, 0x000000070cb00000|
| 184|0x000000070cc00000, 0x000000070cc00000, 0x000000070cd00000|  0%| F|  |TS  0|AC  0|TAMS 0x000000070cc00000, 0x000000070cc00000|
| 185|0x000000070cd00000, 0x000000070cd00000, 0x000000070ce00000|  0%| F|  |TS  0|AC  0|TAMS 0x000000070cd00000, 0x000000070cd00000|
| 186|0x000000070ce00000, 0x000000070ce00000, 0x000000070cf00000|  0%| F|  |TS  0|AC  0|TAMS 0x000000070ce00000, 0x000000070ce00000|
| 187|0x000000070cf00000, 0x000000070cf48638, 0x000000070d000000| 28%| E|  |TS  0|AC  0|TAMS 0x000000070cf00000, 0x000000070cf00000|
| 188|0x000000070d000000, 0x000000070d100000, 0x000000070d100000|100%| E|CS|TS  0|AC  0|TAMS 0x000000070d000000, 0x000000070d000000|
| 189|0x000000070d100000, 0x000000070d200000, 0x000000070d200000|100%| E|CS|TS  0|AC  0|TAMS 0x000000070d100000, 0x000000070d100000|
| 190|0x000000070d200000, 0x000000070d300000, 0x000000070d300000|100%| E|CS|TS  0|AC  0|TAMS 0x000000070d200000, 0x000000070d200000|
| 191|0x000000070d300000, 0x000000070d400000, 0x000000070d400000|100%| E|CS|TS  0|AC  0|TAMS 0x000000070d300000, 0x000000070d300000|

Card table byte_map: [0x00000182f7a40000,0x00000182f8040000] byte_map_base: 0x00000182f4236000

Marking Bits (Prev, Next): (CMBitMap*) 0x00000182db95df20, (CMBitMap*) 0x00000182db95df58
 Prev Bits: [0x00000182f8640000, 0x00000182fb5f0000)
 Next Bits: [0x00000182fb5f0000, 0x00000182fe5a0000)

Polling page: 0x00000182dd160000

CodeHeap 'non-profiled nmethods': size=120064Kb used=79Kb max_used=79Kb free=119984Kb
 bounds [0x00000182ef2d0000, 0x00000182ef540000, 0x00000182f6810000]
CodeHeap 'profiled nmethods': size=120000Kb used=316Kb max_used=316Kb free=119683Kb
 bounds [0x00000182e7da0000, 0x00000182e8010000, 0x00000182ef2d0000]
CodeHeap 'non-nmethods': size=5696Kb used=1190Kb max_used=1190Kb free=4505Kb
 bounds [0x00000182e7810000, 0x00000182e7a80000, 0x00000182e7da0000]
 total_blobs=661 nmethods=261 adapters=243
 compilation: enabled

Compilation events (10 events):
Event: 2734.222 Thread 0x00000182ff573000  257       3       java.util.Collections::emptyList (4 bytes)
Event: 2734.223 Thread 0x00000182ff573000 nmethod 257 0x00000182e7dee490 code [0x00000182e7dee640, 0x00000182e7dee778]
Event: 2758.539 Thread 0x00000182ff573000  258       1       sun.instrument.TransformerManager$TransformerInfo::transformer (5 bytes)
Event: 2758.539 Thread 0x00000182ff573000 nmethod 258 0x00000182ef2e3810 code [0x00000182ef2e39c0, 0x00000182ef2e3ad8]
Event: 2758.539 Thread 0x00000182ff573000  259       3       com.intellij.rt.debugger.agent.CaptureAgent::access$200 (5 bytes)
Event: 2758.541 Thread 0x00000182ff573000 nmethod 259 0x00000182e7dee810 code [0x00000182e7dee9c0, 0x00000182e7deec18]
Event: 2758.541 Thread 0x00000182ff573000  260       3       com.intellij.rt.debugger.agent.CaptureAgent::getNotNull (12 bytes)
Event: 2758.541 Thread 0x00000182ff573000 nmethod 260 0x00000182e7deed10 code [0x00000182e7deeec0, 0x00000182e7def0b8]
Event: 2758.541 Thread 0x00000182ff573000  261       1       java.util.Collections$EmptyList::isEmpty (2 bytes)
Event: 2758.541 Thread 0x00000182ff573000 nmethod 261 0x00000182ef2e3b90 code [0x00000182ef2e3d40, 0x00000182ef2e3e58]

GC Heap History (0 events):
No events

Deoptimization events (1 events):
Event: 0.511 Thread 0x00000182db89f000 Uncommon trap: reason=unstable_if action=reinterpret pc=0x00000182ef2d3580 method=java.lang.String.charAt(I)C @ 4 c2

Classes redefined (10 events):
Event: 1011.884 Thread 0x00000182ff500800 redefined class name=byog.Core.Game, count=8
Event: 1185.387 Thread 0x00000182ff500800 redefined class name=byog.Core.Game, count=9
Event: 1324.833 Thread 0x00000182ff500800 redefined class name=byog.Core.Game, count=10
Event: 1513.917 Thread 0x00000182ff500800 redefined class name=byog.Core.Game, count=11
Event: 1543.816 Thread 0x00000182ff500800 redefined class name=byog.Core.Game, count=12
Event: 1573.546 Thread 0x00000182ff500800 redefined class name=byog.Core.Game, count=13
Event: 2472.487 Thread 0x00000182ff500800 redefined class name=byog.Core.Game, count=14
Event: 2734.225 Thread 0x00000182ff500800 redefined class name=byog.Core.Game, count=15
Event: 2758.540 Thread 0x00000182ff500800 redefined class name=byog.Core.Game, count=16
Event: 3018.328 Thread 0x00000182ff500800 redefined class name=byog.Core.Game, count=17

Internal exceptions (0 events):
No events

Events (10 events):
Event: 50333.553 Executing VM operation: ChangeBreakpoints done
Event: 51083.293 Executing VM operation: GetFrameCount
Event: 51083.293 Executing VM operation: GetFrameCount done
Event: 51083.293 Executing VM operation: GetFrameCount
Event: 51083.294 Executing VM operation: GetFrameCount done
Event: 51083.294 Executing VM operation: GetFrameLocation
Event: 51083.294 Executing VM operation: GetFrameLocation done
Event: 51083.294 Executing VM operation: GetFrameLocation
Event: 51083.294 Executing VM operation: GetFrameLocation done
Event: 51083.294 Executing VM operation: GetOrSetLocal


Dynamic libraries:
0x00007ff7ff370000 - 0x00007ff7ff3ae000 	C:\Program Files\Java\jdk-9.0.1\bin\java.exe
0x00007ff897f70000 - 0x00007ff898142000 	C:\windows\SYSTEM32\ntdll.dll
0x00007ff8971a0000 - 0x00007ff89724c000 	C:\windows\System32\KERNEL32.DLL
0x00007ff894f10000 - 0x00007ff89512d000 	C:\windows\System32\KERNELBASE.dll
0x00007ff897b50000 - 0x00007ff897bf2000 	C:\windows\System32\ADVAPI32.dll
0x00007ff896fd0000 - 0x00007ff89706e000 	C:\windows\System32\msvcrt.dll
0x00007ff896e70000 - 0x00007ff896ec9000 	C:\windows\System32\sechost.dll
0x00007ff897070000 - 0x00007ff897191000 	C:\windows\System32\RPCRT4.dll
0x00007ff897250000 - 0x00007ff8973b5000 	C:\windows\System32\USER32.dll
0x00007ff8947c0000 - 0x00007ff8947de000 	C:\windows\System32\win32u.dll
0x00007ff897ab0000 - 0x00007ff897ae4000 	C:\windows\System32\GDI32.dll
0x00007ff8944e0000 - 0x00007ff894660000 	C:\windows\System32\gdi32full.dll
0x00007ff887bb0000 - 0x00007ff887bba000 	C:\windows\SYSTEM32\VERSION.dll
0x00007ff885b40000 - 0x00007ff885dba000 	C:\windows\WinSxS\amd64_microsoft.windows.common-controls_6595b64144ccf1df_6.0.14393.953_none_42151e83c686086b\COMCTL32.dll
0x00007ff897ca0000 - 0x00007ff897f68000 	C:\windows\System32\combase.dll
0x00007ff894660000 - 0x00007ff894755000 	C:\windows\System32\ucrtbase.dll
0x00007ff894470000 - 0x00007ff8944da000 	C:\windows\System32\bcryptPrimitives.dll
0x00007ff896dd0000 - 0x00007ff896dfe000 	C:\windows\System32\IMM32.DLL
0x00007ff8854e0000 - 0x00007ff8855cf000 	C:\Program Files\Java\jdk-9.0.1\bin\msvcr120.dll
0x00007ff885430000 - 0x00007ff8854d6000 	C:\Program Files\Java\jdk-9.0.1\bin\msvcp120.dll
0x000000006efa0000 - 0x000000006f9c4000 	C:\Program Files\Java\jdk-9.0.1\bin\server\jvm.dll
0x00007ff897a30000 - 0x00007ff897a38000 	C:\windows\System32\PSAPI.DLL
0x00007ff8921c0000 - 0x00007ff8921e3000 	C:\windows\SYSTEM32\WINMM.dll
0x00007ff881c20000 - 0x00007ff881c29000 	C:\windows\SYSTEM32\WSOCK32.dll
0x00007ff8920d0000 - 0x00007ff8920fb000 	C:\windows\SYSTEM32\WINMMBASE.dll
0x00007ff897a40000 - 0x00007ff897aaa000 	C:\windows\System32\WS2_32.dll
0x00007ff8947e0000 - 0x00007ff894822000 	C:\windows\System32\cfgmgr32.dll
0x00007ff891dd0000 - 0x00007ff891ddf000 	C:\Program Files\Java\jdk-9.0.1\bin\verify.dll
0x00007ff8831f0000 - 0x00007ff883217000 	C:\Program Files\Java\jdk-9.0.1\bin\java.dll
0x00007ff883000000 - 0x00007ff883036000 	C:\Program Files\Java\jdk-9.0.1\bin\jdwp.dll
0x00007ff881ef0000 - 0x00007ff881f1a000 	C:\Program Files\Java\jdk-9.0.1\bin\instrument.dll
0x00007ff8880b0000 - 0x00007ff8880c6000 	C:\Program Files\Java\jdk-9.0.1\bin\zip.dll
0x00007ff8909a0000 - 0x00007ff8909aa000 	C:\Program Files\Java\jdk-9.0.1\bin\jimage.dll
0x00007ff895720000 - 0x00007ff896c29000 	C:\windows\System32\SHELL32.dll
0x00007ff894830000 - 0x00007ff894f09000 	C:\windows\System32\windows.storage.dll
0x00007ff894410000 - 0x00007ff89445c000 	C:\windows\System32\powrprof.dll
0x00007ff897590000 - 0x00007ff8975e2000 	C:\windows\System32\shlwapi.dll
0x00007ff894400000 - 0x00007ff89440f000 	C:\windows\System32\kernel.appcore.dll
0x00007ff8951d0000 - 0x00007ff895279000 	C:\windows\System32\shcore.dll
0x00007ff8943e0000 - 0x00007ff8943f4000 	C:\windows\System32\profapi.dll
0x00007ff885410000 - 0x00007ff88542a000 	C:\Program Files\Java\jdk-9.0.1\bin\net.dll
0x00007ff889490000 - 0x00007ff88955d000 	C:\windows\SYSTEM32\WINHTTP.dll
0x00007ff893d10000 - 0x00007ff893d6c000 	C:\windows\system32\mswsock.dll
0x00007ff8853a0000 - 0x00007ff8853b1000 	C:\Program Files\Java\jdk-9.0.1\bin\nio.dll
0x00007ff8903b0000 - 0x00007ff8903ba000 	C:\Program Files\Java\jdk-9.0.1\bin\dt_socket.dll
0x00007ff8915a0000 - 0x00007ff891732000 	C:\windows\SYSTEM32\dbghelp.dll

VM Arguments:
jvm_args: -agentlib:jdwp=transport=dt_socket,address=127.0.0.1:58563,suspend=y,server=n -javaagent:C:\Users\ALEXMC~1\AppData\Local\Temp\capture64jars\debugger-agent.jar=C:\Users\ALEXMC~1\AppData\Local\Temp\capture97.props -Dfile.encoding=UTF-8 
java_command: byog.Core.Game
java_class_path (initial): C:\Users\Alex McMurry\cs61b\sp18-proj2-bpz-aid\proj2\out\production\proj2;C:\Users\Alex McMurry\cs61b\sp18-aid\library-sp18\javalib\algs4.jar;C:\Users\Alex McMurry\cs61b\sp18-aid\library-sp18\javalib\jh61b.jar;C:\Users\Alex McMurry\cs61b\sp18-aid\library-sp18\javalib\stdlib.jar;C:\Users\Alex McMurry\cs61b\sp18-aid\library-sp18\javalib\junit-4.12.jar;C:\Users\Alex McMurry\cs61b\sp18-aid\library-sp18\javalib\stdlib-package.jar;C:\Users\Alex McMurry\cs61b\sp18-aid\library-sp18\javalib\hamcrest-core-1.3.jar;C:\Program Files\JetBrains\IntelliJ IDEA Community Edition 2017.3.3\lib\idea_rt.jar
Launcher Type: SUN_STANDARD

Logging:
Log output configuration:
#0: stdout all=warning uptime,level,tags
#1: stderr all=off uptime,level,tags

Environment Variables:
JAVA_HOME=C:\Program Files\Java\jdk-9.0.1
PATH=C:\ProgramData\Anaconda3;C:\ProgramData\Anaconda3\Library\mingw-w64\bin;C:\ProgramData\Anaconda3\Library\usr\bin;C:\ProgramData\Anaconda3\Library\bin;C:\ProgramData\Anaconda3\Scripts;C:\Program Files\Java\jdk-9.0.1\bin;C:\Users\Alex McMurry\AppData\Local\Programs\Python\Python36\python.exe;C:\Users\Alex McMurry\AppData\Local\Programs\Python\Python36\Scripts\;C:\Users\Alex McMurry\AppData\Local\Programs\Python\Python36\;C:\Users\Alex McMurry\AppData\Local\Microsoft\WindowsApps;
USERNAME=Alex McMurry
OS=Windows_NT
PROCESSOR_IDENTIFIER=Intel64 Family 6 Model 142 Stepping 9, GenuineIntel



---------------  S Y S T E M  ---------------

OS: Windows 10 , 64 bit Build 14393 (10.0.14393.1198)

CPU:total 4 (initial active 4) (2 cores per cpu, 2 threads per core) family 6 model 142 stepping 9, cmov, cx8, fxsr, mmx, sse, sse2, sse3, ssse3, sse4.1, sse4.2, popcnt, avx, avx2, aes, clmul, erms, 3dnowpref, lzcnt, ht, tsc, tscinvbit, bmi1, bmi2, adx, fma

Memory: 4k page, physical 12494528k(2567888k free), swap 25170264k(3551296k free)

vm_info: Java HotSpot(TM) 64-Bit Server VM (9.0.1+11) for windows-amd64 JRE (9.0.1+11), built on Sep 28 2017 04:54:03 by "mach5one" with MS VC++ 12.0 (VS2013)

END.
