#
# A fatal error has been detected by the Java Runtime Environment:
#
#  EXCEPTION_ACCESS_VIOLATION (0xc0000005) at pc=0x0000000075a2bd50, pid=13132, tid=13200
#
# JRE version: Java(TM) SE Runtime Environment (9.0+11) (build 9.0.1+11)
# Java VM: Java HotSpot(TM) 64-Bit Server VM (9.0.1+11, mixed mode, tiered, compressed oops, g1 gc, windows-amd64)
# Problematic frame:
# V  [jvm.dll+0x32bd50]
#
# No core dump will be written. Minidumps are not enabled by default on client versions of Windows
#
# If you would like to submit a bug report, please visit:
#   http://bugreport.java.com/bugreport/crash.jsp
#

---------------  S U M M A R Y ------------

Command Line: -agentlib:jdwp=transport=dt_socket,address=127.0.0.1:56535,suspend=y,server=n -ea -Didea.test.cyclic.buffer.size=1048576 -javaagent:C:\Users\ALEXMC~1\AppData\Local\Temp\capture153jars\debugger-agent.jar=C:\Users\ALEXMC~1\AppData\Local\Temp\capture552.props -Dfile.encoding=UTF-8 com.intellij.rt.execution.junit.JUnitStarter -ideVersion5 -junit4 TestGraphBuildingTiny

Host: Intel(R) Core(TM) i7-7500U CPU @ 2.70GHz, 4 cores, 11G,  Windows 10 , 64 bit Build 14393 (10.0.14393.1198)
Time: Wed Apr 18 04:36:42 2018 Pacific Daylight Time elapsed time: 449 seconds (0d 0h 7m 29s)

---------------  T H R E A D  ---------------

Current thread (0x000001d9de0b2000):  VMThread "VM Thread" [stack: 0x00000074b8900000,0x00000074b8a00000] [id=13200]

Stack: [0x00000074b8900000,0x00000074b8a00000],  sp=0x00000074b89fec20,  free space=1019k
Native frames: (J=compiled Java code, j=interpreted, Vv=VM code, C=native code)
V  [jvm.dll+0x32bd50]
V  [jvm.dll+0x327708]
V  [jvm.dll+0x34200f]
V  [jvm.dll+0x34522d]
V  [jvm.dll+0x2968e0]
V  [jvm.dll+0x2969d9]
V  [jvm.dll+0x2f8671]
V  [jvm.dll+0x2f7540]
V  [jvm.dll+0x2f4dc7]
V  [jvm.dll+0x2f654e]
V  [jvm.dll+0x2f3d05]
V  [jvm.dll+0x2f3173]
V  [jvm.dll+0x57845f]
V  [jvm.dll+0x57876c]
V  [jvm.dll+0x578613]
V  [jvm.dll+0x578e0c]
V  [jvm.dll+0x546f8a]
V  [jvm.dll+0x465261]
V  [jvm.dll+0x6a34eb]
V  [jvm.dll+0x6a1c85]
V  [jvm.dll+0x6a2461]
V  [jvm.dll+0x6a274c]
V  [jvm.dll+0x5864e0]
C  [msvcr120.dll+0x24f7f]
C  [msvcr120.dll+0x25126]
C  [KERNEL32.DLL+0x8364]
C  [ntdll.dll+0x67091]


siginfo: EXCEPTION_ACCESS_VIOLATION (0xc0000005), reading address 0xffffffffffffffff


Register to memory mapping:

RIP=0x0000000075a2bd50 jvm.dll
RAX=0x6202050060020000 is an unknown value
RBX=0x000001d9de0b2000 is an unknown value
RCX=0x00000007c00016d0 is pointing into metadata
RDX=0x6202050060020000 is an unknown value
RSP=0x00000074b89fec20 is an unknown value
RBP=0x0000000000000003 is an unknown value
RSI=0x00000074b89fece0 is an unknown value
RDI=0x0000000000000000 is an unknown value
R8 =0x000001d9de0b2000 is an unknown value
R9 =0x6202050060020000 is an unknown value
R10=0x0000000000000074 is an unknown value
R11=0x0000000000000074 is an unknown value
R12=0x00000000000000a8 is an unknown value
R13=0x0000000000000000 is an unknown value
R14=0x0000000000000052 is an unknown value
R15=0x0000000000000001 is an unknown value


Registers:
RAX=0x6202050060020000, RBX=0x000001d9de0b2000, RCX=0x00000007c00016d0, RDX=0x6202050060020000
RSP=0x00000074b89fec20, RBP=0x0000000000000003, RSI=0x00000074b89fece0, RDI=0x0000000000000000
R8 =0x000001d9de0b2000, R9 =0x6202050060020000, R10=0x0000000000000074, R11=0x0000000000000074
R12=0x00000000000000a8, R13=0x0000000000000000, R14=0x0000000000000052, R15=0x0000000000000001
RIP=0x0000000075a2bd50, EFLAGS=0x0000000000010246

Top of Stack: (sp=0x00000074b89fec20)
0x00000074b89fec20:   00000007c00016d0 2fffffff2fffffff
0x00000074b89fec30:   00000074b89ff350 000001d9de0b2000
0x00000074b89fec40:   0000000000000000 0000000075a27708
0x00000074b89fec50:   00000007c00016d0 000001d9de0b2000
0x00000074b89fec60:   00000074b89fece0 000001d9de0b2000
0x00000074b89fec70:   00000074b89fed50 0000000075a4200f
0x00000074b89fec80:   000001d9de0b2000 0000000000000001
0x00000074b89fec90:   0000000000000000 000001d9decc5130
0x00000074b89feca0:   00000000760566f4 000001d9ddf88170
0x00000074b89fecb0:   00000074b89fed50 0000000075a4522d
0x00000074b89fecc0:   00000074b89fece0 00000074b89feeb0
0x00000074b89fecd0:   0000000000000052 0000000000000000
0x00000074b89fece0:   4fffffff4fffffff 000001d9ddf90730
0x00000074b89fecf0:   000001d9de0b2000 00000074b89feeb0
0x00000074b89fed00:   0000000000000000 00000000759968e0
0x00000074b89fed10:   00000074b89feea0 00000074b89ff301 

Instructions: (pc=0x0000000075a2bd50)
0x0000000075a2bd30:   8b d8 e8 c9 89 d8 ff 48 83 7b 08 00 4c 8b c8 74
0x0000000075a2bd40:   04 33 ff eb 23 80 3d c9 ac 62 00 00 74 05 33 ff
0x0000000075a2bd50:   89 78 0c 48 8d 4d fe 48 8d 78 10 48 85 c9 74 05
0x0000000075a2bd60:   33 c0 f3 48 ab 49 8b f9 48 83 7b 08 00 48 8b 74 


VM_Operation (0x00000074b93ff610): GetOrSetLocal, mode: safepoint, requested by thread 0x000001d9de414800


---------------  P R O C E S S  ---------------

Java Threads: ( => current thread )
  0x000001d9de5a8000 JavaThread "Service Thread" daemon [_thread_blocked, id=4008, stack(0x00000074b9600000,0x00000074b9700000)]
  0x000001d9de422000 JavaThread "JDWP Command Reader" daemon [_thread_in_native, id=10500, stack(0x00000074b9500000,0x00000074b9600000)]
  0x000001d9de417800 JavaThread "JDWP Event Helper Thread" daemon [_thread_blocked, id=11092, stack(0x00000074b9400000,0x00000074b9500000)]
  0x000001d9de414800 JavaThread "JDWP Transport Listener: dt_socket" daemon [_thread_blocked, id=15544, stack(0x00000074b9300000,0x00000074b9400000)]
  0x000001d9de15d000 JavaThread "Common-Cleaner" daemon [_thread_blocked, id=11800, stack(0x00000074b9200000,0x00000074b9300000)]
  0x000001d9de0c2800 JavaThread "Sweeper thread" daemon [_thread_blocked, id=12312, stack(0x00000074b9100000,0x00000074b9200000)]
  0x000001d9de130000 JavaThread "C1 CompilerThread2" daemon [_thread_blocked, id=12508, stack(0x00000074b9000000,0x00000074b9100000)]
  0x000001d9de118000 JavaThread "C2 CompilerThread1" daemon [_thread_blocked, id=14032, stack(0x00000074b8f00000,0x00000074b9000000)]
  0x000001d9de0c2000 JavaThread "C2 CompilerThread0" daemon [_thread_blocked, id=7800, stack(0x00000074b8e00000,0x00000074b8f00000)]
  0x000001d9de0c0000 JavaThread "Attach Listener" daemon [_thread_blocked, id=15640, stack(0x00000074b8d00000,0x00000074b8e00000)]
  0x000001d9de111800 JavaThread "Signal Dispatcher" daemon [_thread_blocked, id=9548, stack(0x00000074b8c00000,0x00000074b8d00000)]
  0x000001d9de0c8800 JavaThread "Finalizer" daemon [_thread_blocked, id=2380, stack(0x00000074b8b00000,0x00000074b8c00000)]
  0x000001d9de0c5800 JavaThread "Reference Handler" daemon [_thread_blocked, id=5460, stack(0x00000074b8a00000,0x00000074b8b00000)]
  0x000001d9b8415800 JavaThread "main" [_thread_blocked, id=9704, stack(0x00000074b7d00000,0x00000074b7e00000)]

Other Threads:
=>0x000001d9de0b2000 VMThread "VM Thread" [stack: 0x00000074b8900000,0x00000074b8a00000] [id=13200]
  0x000001d9de5b6800 WatcherThread [stack: 0x00000074b9700000,0x00000074b9800000] [id=7012]
  0x000001d9b842c800 GCTaskThread "GC Thread#0" [stack: 0x00000074b7e00000,0x00000074b7f00000] [id=10236]
  0x000001d9b842e000 GCTaskThread "GC Thread#1" [stack: 0x00000074b7f00000,0x00000074b8000000] [id=9568]
  0x000001d9b8431800 GCTaskThread "GC Thread#2" [stack: 0x00000074b8000000,0x00000074b8100000] [id=1860]
  0x000001d9b8432800 GCTaskThread "GC Thread#3" [stack: 0x00000074b8100000,0x00000074b8200000] [id=13356]
  0x000001d9db155800 ConcurrentGCThread "G1 Main Marker" [stack: 0x00000074b8700000,0x00000074b8800000] [id=7260]
  0x000001d9db159000 ConcurrentGCThread "G1 Marker#0" [stack: 0x00000074b8800000,0x00000074b8900000] [id=10716]
  0x000001d9b843a000 ConcurrentGCThread "G1 Refine#0" [stack: 0x00000074b8500000,0x00000074b8600000] [id=11628]
  0x000001d9b8438800 ConcurrentGCThread "G1 Refine#1" [stack: 0x00000074b8400000,0x00000074b8500000] [id=5188]
  0x000001d9b8437000 ConcurrentGCThread "G1 Refine#2" [stack: 0x00000074b8300000,0x00000074b8400000] [id=3712]
  0x000001d9b8434000 ConcurrentGCThread "G1 Refine#3" [stack: 0x00000074b8200000,0x00000074b8300000] [id=8916]
  0x000001d9b843b000 ConcurrentGCThread "G1 Young RemSet Sampling" [stack: 0x00000074b8600000,0x00000074b8700000] [id=4592]

Threads with active compile tasks:

VM state:at safepoint (normal execution)

VM Mutex/Monitor currently owned by a thread:  ([mutex/lock_event])
[0x000001d9b8413c50] Threads_lock - owner thread: 0x000001d9de0b2000

Heap address: 0x0000000701400000, size: 3052 MB, Compressed Oops mode: Zero based, Oop shift amount: 3
Narrow klass base: 0x0000000000000000, Narrow klass shift: 3
Compressed class space size: 1073741824 Address: 0x00000007c0000000

Heap:
 garbage-first heap   total 196608K, used 12288K [0x0000000701400000, 0x0000000701500600, 0x00000007c0000000)
  region size 1024K, 13 young (13312K), 0 survivors (0K)
 Metaspace       used 9755K, capacity 10056K, committed 10368K, reserved 1058816K
  class space    used 950K, capacity 1040K, committed 1152K, reserved 1048576K
Heap Regions: E=young(eden), S=young(survivor), O=old, HS=humongous(starts), HC=humongous(continues), CS=collection set, F=free, A=archive, TS=gc time stamp, AC=allocation context, TAMS=top-at-mark-start (previous, next)
|   0|0x0000000701400000, 0x0000000701400000, 0x0000000701500000|  0%| F|  |TS  0|AC  0|TAMS 0x0000000701400000, 0x0000000701400000|
|   1|0x0000000701500000, 0x0000000701500000, 0x0000000701600000|  0%| F|  |TS  0|AC  0|TAMS 0x0000000701500000, 0x0000000701500000|
|   2|0x0000000701600000, 0x0000000701600000, 0x0000000701700000|  0%| F|  |TS  0|AC  0|TAMS 0x0000000701600000, 0x0000000701600000|
|   3|0x0000000701700000, 0x0000000701700000, 0x0000000701800000|  0%| F|  |TS  0|AC  0|TAMS 0x0000000701700000, 0x0000000701700000|
|   4|0x0000000701800000, 0x0000000701800000, 0x0000000701900000|  0%| F|  |TS  0|AC  0|TAMS 0x0000000701800000, 0x0000000701800000|
|   5|0x0000000701900000, 0x0000000701900000, 0x0000000701a00000|  0%| F|  |TS  0|AC  0|TAMS 0x0000000701900000, 0x0000000701900000|
|   6|0x0000000701a00000, 0x0000000701a00000, 0x0000000701b00000|  0%| F|  |TS  0|AC  0|TAMS 0x0000000701a00000, 0x0000000701a00000|
|   7|0x0000000701b00000, 0x0000000701b00000, 0x0000000701c00000|  0%| F|  |TS  0|AC  0|TAMS 0x0000000701b00000, 0x0000000701b00000|
|   8|0x0000000701c00000, 0x0000000701c00000, 0x0000000701d00000|  0%| F|  |TS  0|AC  0|TAMS 0x0000000701c00000, 0x0000000701c00000|
|   9|0x0000000701d00000, 0x0000000701d00000, 0x0000000701e00000|  0%| F|  |TS  0|AC  0|TAMS 0x0000000701d00000, 0x0000000701d00000|
|  10|0x0000000701e00000, 0x0000000701e00000, 0x0000000701f00000|  0%| F|  |TS  0|AC  0|TAMS 0x0000000701e00000, 0x0000000701e00000|
|  11|0x0000000701f00000, 0x0000000701f00000, 0x0000000702000000|  0%| F|  |TS  0|AC  0|TAMS 0x0000000701f00000, 0x0000000701f00000|
|  12|0x0000000702000000, 0x0000000702000000, 0x0000000702100000|  0%| F|  |TS  0|AC  0|TAMS 0x0000000702000000, 0x0000000702000000|
|  13|0x0000000702100000, 0x0000000702100000, 0x0000000702200000|  0%| F|  |TS  0|AC  0|TAMS 0x0000000702100000, 0x0000000702100000|
|  14|0x0000000702200000, 0x0000000702200000, 0x0000000702300000|  0%| F|  |TS  0|AC  0|TAMS 0x0000000702200000, 0x0000000702200000|
|  15|0x0000000702300000, 0x0000000702300000, 0x0000000702400000|  0%| F|  |TS  0|AC  0|TAMS 0x0000000702300000, 0x0000000702300000|
|  16|0x0000000702400000, 0x0000000702400000, 0x0000000702500000|  0%| F|  |TS  0|AC  0|TAMS 0x0000000702400000, 0x0000000702400000|
|  17|0x0000000702500000, 0x0000000702500000, 0x0000000702600000|  0%| F|  |TS  0|AC  0|TAMS 0x0000000702500000, 0x0000000702500000|
|  18|0x0000000702600000, 0x0000000702600000, 0x0000000702700000|  0%| F|  |TS  0|AC  0|TAMS 0x0000000702600000, 0x0000000702600000|
|  19|0x0000000702700000, 0x0000000702700000, 0x0000000702800000|  0%| F|  |TS  0|AC  0|TAMS 0x0000000702700000, 0x0000000702700000|
|  20|0x0000000702800000, 0x0000000702800000, 0x0000000702900000|  0%| F|  |TS  0|AC  0|TAMS 0x0000000702800000, 0x0000000702800000|
|  21|0x0000000702900000, 0x0000000702900000, 0x0000000702a00000|  0%| F|  |TS  0|AC  0|TAMS 0x0000000702900000, 0x0000000702900000|
|  22|0x0000000702a00000, 0x0000000702a00000, 0x0000000702b00000|  0%| F|  |TS  0|AC  0|TAMS 0x0000000702a00000, 0x0000000702a00000|
|  23|0x0000000702b00000, 0x0000000702b00000, 0x0000000702c00000|  0%| F|  |TS  0|AC  0|TAMS 0x0000000702b00000, 0x0000000702b00000|
|  24|0x0000000702c00000, 0x0000000702c00000, 0x0000000702d00000|  0%| F|  |TS  0|AC  0|TAMS 0x0000000702c00000, 0x0000000702c00000|
|  25|0x0000000702d00000, 0x0000000702d00000, 0x0000000702e00000|  0%| F|  |TS  0|AC  0|TAMS 0x0000000702d00000, 0x0000000702d00000|
|  26|0x0000000702e00000, 0x0000000702e00000, 0x0000000702f00000|  0%| F|  |TS  0|AC  0|TAMS 0x0000000702e00000, 0x0000000702e00000|
|  27|0x0000000702f00000, 0x0000000702f00000, 0x0000000703000000|  0%| F|  |TS  0|AC  0|TAMS 0x0000000702f00000, 0x0000000702f00000|
|  28|0x0000000703000000, 0x0000000703000000, 0x0000000703100000|  0%| F|  |TS  0|AC  0|TAMS 0x0000000703000000, 0x0000000703000000|
|  29|0x0000000703100000, 0x0000000703100000, 0x0000000703200000|  0%| F|  |TS  0|AC  0|TAMS 0x0000000703100000, 0x0000000703100000|
|  30|0x0000000703200000, 0x0000000703200000, 0x0000000703300000|  0%| F|  |TS  0|AC  0|TAMS 0x0000000703200000, 0x0000000703200000|
|  31|0x0000000703300000, 0x0000000703300000, 0x0000000703400000|  0%| F|  |TS  0|AC  0|TAMS 0x0000000703300000, 0x0000000703300000|
|  32|0x0000000703400000, 0x0000000703400000, 0x0000000703500000|  0%| F|  |TS  0|AC  0|TAMS 0x0000000703400000, 0x0000000703400000|
|  33|0x0000000703500000, 0x0000000703500000, 0x0000000703600000|  0%| F|  |TS  0|AC  0|TAMS 0x0000000703500000, 0x0000000703500000|
|  34|0x0000000703600000, 0x0000000703600000, 0x0000000703700000|  0%| F|  |TS  0|AC  0|TAMS 0x0000000703600000, 0x0000000703600000|
|  35|0x0000000703700000, 0x0000000703700000, 0x0000000703800000|  0%| F|  |TS  0|AC  0|TAMS 0x0000000703700000, 0x0000000703700000|
|  36|0x0000000703800000, 0x0000000703800000, 0x0000000703900000|  0%| F|  |TS  0|AC  0|TAMS 0x0000000703800000, 0x0000000703800000|
|  37|0x0000000703900000, 0x0000000703900000, 0x0000000703a00000|  0%| F|  |TS  0|AC  0|TAMS 0x0000000703900000, 0x0000000703900000|
|  38|0x0000000703a00000, 0x0000000703a00000, 0x0000000703b00000|  0%| F|  |TS  0|AC  0|TAMS 0x0000000703a00000, 0x0000000703a00000|
|  39|0x0000000703b00000, 0x0000000703b00000, 0x0000000703c00000|  0%| F|  |TS  0|AC  0|TAMS 0x0000000703b00000, 0x0000000703b00000|
|  40|0x0000000703c00000, 0x0000000703c00000, 0x0000000703d00000|  0%| F|  |TS  0|AC  0|TAMS 0x0000000703c00000, 0x0000000703c00000|
|  41|0x0000000703d00000, 0x0000000703d00000, 0x0000000703e00000|  0%| F|  |TS  0|AC  0|TAMS 0x0000000703d00000, 0x0000000703d00000|
|  42|0x0000000703e00000, 0x0000000703e00000, 0x0000000703f00000|  0%| F|  |TS  0|AC  0|TAMS 0x0000000703e00000, 0x0000000703e00000|
|  43|0x0000000703f00000, 0x0000000703f00000, 0x0000000704000000|  0%| F|  |TS  0|AC  0|TAMS 0x0000000703f00000, 0x0000000703f00000|
|  44|0x0000000704000000, 0x0000000704000000, 0x0000000704100000|  0%| F|  |TS  0|AC  0|TAMS 0x0000000704000000, 0x0000000704000000|
|  45|0x0000000704100000, 0x0000000704100000, 0x0000000704200000|  0%| F|  |TS  0|AC  0|TAMS 0x0000000704100000, 0x0000000704100000|
|  46|0x0000000704200000, 0x0000000704200000, 0x0000000704300000|  0%| F|  |TS  0|AC  0|TAMS 0x0000000704200000, 0x0000000704200000|
|  47|0x0000000704300000, 0x0000000704300000, 0x0000000704400000|  0%| F|  |TS  0|AC  0|TAMS 0x0000000704300000, 0x0000000704300000|
|  48|0x0000000704400000, 0x0000000704400000, 0x0000000704500000|  0%| F|  |TS  0|AC  0|TAMS 0x0000000704400000, 0x0000000704400000|
|  49|0x0000000704500000, 0x0000000704500000, 0x0000000704600000|  0%| F|  |TS  0|AC  0|TAMS 0x0000000704500000, 0x0000000704500000|
|  50|0x0000000704600000, 0x0000000704600000, 0x0000000704700000|  0%| F|  |TS  0|AC  0|TAMS 0x0000000704600000, 0x0000000704600000|
|  51|0x0000000704700000, 0x0000000704700000, 0x0000000704800000|  0%| F|  |TS  0|AC  0|TAMS 0x0000000704700000, 0x0000000704700000|
|  52|0x0000000704800000, 0x0000000704800000, 0x0000000704900000|  0%| F|  |TS  0|AC  0|TAMS 0x0000000704800000, 0x0000000704800000|
|  53|0x0000000704900000, 0x0000000704900000, 0x0000000704a00000|  0%| F|  |TS  0|AC  0|TAMS 0x0000000704900000, 0x0000000704900000|
|  54|0x0000000704a00000, 0x0000000704a00000, 0x0000000704b00000|  0%| F|  |TS  0|AC  0|TAMS 0x0000000704a00000, 0x0000000704a00000|
|  55|0x0000000704b00000, 0x0000000704b00000, 0x0000000704c00000|  0%| F|  |TS  0|AC  0|TAMS 0x0000000704b00000, 0x0000000704b00000|
|  56|0x0000000704c00000, 0x0000000704c00000, 0x0000000704d00000|  0%| F|  |TS  0|AC  0|TAMS 0x0000000704c00000, 0x0000000704c00000|
|  57|0x0000000704d00000, 0x0000000704d00000, 0x0000000704e00000|  0%| F|  |TS  0|AC  0|TAMS 0x0000000704d00000, 0x0000000704d00000|
|  58|0x0000000704e00000, 0x0000000704e00000, 0x0000000704f00000|  0%| F|  |TS  0|AC  0|TAMS 0x0000000704e00000, 0x0000000704e00000|
|  59|0x0000000704f00000, 0x0000000704f00000, 0x0000000705000000|  0%| F|  |TS  0|AC  0|TAMS 0x0000000704f00000, 0x0000000704f00000|
|  60|0x0000000705000000, 0x0000000705000000, 0x0000000705100000|  0%| F|  |TS  0|AC  0|TAMS 0x0000000705000000, 0x0000000705000000|
|  61|0x0000000705100000, 0x0000000705100000, 0x0000000705200000|  0%| F|  |TS  0|AC  0|TAMS 0x0000000705100000, 0x0000000705100000|
|  62|0x0000000705200000, 0x0000000705200000, 0x0000000705300000|  0%| F|  |TS  0|AC  0|TAMS 0x0000000705200000, 0x0000000705200000|
|  63|0x0000000705300000, 0x0000000705300000, 0x0000000705400000|  0%| F|  |TS  0|AC  0|TAMS 0x0000000705300000, 0x0000000705300000|
|  64|0x0000000705400000, 0x0000000705400000, 0x0000000705500000|  0%| F|  |TS  0|AC  0|TAMS 0x0000000705400000, 0x0000000705400000|
|  65|0x0000000705500000, 0x0000000705500000, 0x0000000705600000|  0%| F|  |TS  0|AC  0|TAMS 0x0000000705500000, 0x0000000705500000|
|  66|0x0000000705600000, 0x0000000705600000, 0x0000000705700000|  0%| F|  |TS  0|AC  0|TAMS 0x0000000705600000, 0x0000000705600000|
|  67|0x0000000705700000, 0x0000000705700000, 0x0000000705800000|  0%| F|  |TS  0|AC  0|TAMS 0x0000000705700000, 0x0000000705700000|
|  68|0x0000000705800000, 0x0000000705800000, 0x0000000705900000|  0%| F|  |TS  0|AC  0|TAMS 0x0000000705800000, 0x0000000705800000|
|  69|0x0000000705900000, 0x0000000705900000, 0x0000000705a00000|  0%| F|  |TS  0|AC  0|TAMS 0x0000000705900000, 0x0000000705900000|
|  70|0x0000000705a00000, 0x0000000705a00000, 0x0000000705b00000|  0%| F|  |TS  0|AC  0|TAMS 0x0000000705a00000, 0x0000000705a00000|
|  71|0x0000000705b00000, 0x0000000705b00000, 0x0000000705c00000|  0%| F|  |TS  0|AC  0|TAMS 0x0000000705b00000, 0x0000000705b00000|
|  72|0x0000000705c00000, 0x0000000705c00000, 0x0000000705d00000|  0%| F|  |TS  0|AC  0|TAMS 0x0000000705c00000, 0x0000000705c00000|
|  73|0x0000000705d00000, 0x0000000705d00000, 0x0000000705e00000|  0%| F|  |TS  0|AC  0|TAMS 0x0000000705d00000, 0x0000000705d00000|
|  74|0x0000000705e00000, 0x0000000705e00000, 0x0000000705f00000|  0%| F|  |TS  0|AC  0|TAMS 0x0000000705e00000, 0x0000000705e00000|
|  75|0x0000000705f00000, 0x0000000705f00000, 0x0000000706000000|  0%| F|  |TS  0|AC  0|TAMS 0x0000000705f00000, 0x0000000705f00000|
|  76|0x0000000706000000, 0x0000000706000000, 0x0000000706100000|  0%| F|  |TS  0|AC  0|TAMS 0x0000000706000000, 0x0000000706000000|
|  77|0x0000000706100000, 0x0000000706100000, 0x0000000706200000|  0%| F|  |TS  0|AC  0|TAMS 0x0000000706100000, 0x0000000706100000|
|  78|0x0000000706200000, 0x0000000706200000, 0x0000000706300000|  0%| F|  |TS  0|AC  0|TAMS 0x0000000706200000, 0x0000000706200000|
|  79|0x0000000706300000, 0x0000000706300000, 0x0000000706400000|  0%| F|  |TS  0|AC  0|TAMS 0x0000000706300000, 0x0000000706300000|
|  80|0x0000000706400000, 0x0000000706400000, 0x0000000706500000|  0%| F|  |TS  0|AC  0|TAMS 0x0000000706400000, 0x0000000706400000|
|  81|0x0000000706500000, 0x0000000706500000, 0x0000000706600000|  0%| F|  |TS  0|AC  0|TAMS 0x0000000706500000, 0x0000000706500000|
|  82|0x0000000706600000, 0x0000000706600000, 0x0000000706700000|  0%| F|  |TS  0|AC  0|TAMS 0x0000000706600000, 0x0000000706600000|
|  83|0x0000000706700000, 0x0000000706700000, 0x0000000706800000|  0%| F|  |TS  0|AC  0|TAMS 0x0000000706700000, 0x0000000706700000|
|  84|0x0000000706800000, 0x0000000706800000, 0x0000000706900000|  0%| F|  |TS  0|AC  0|TAMS 0x0000000706800000, 0x0000000706800000|
|  85|0x0000000706900000, 0x0000000706900000, 0x0000000706a00000|  0%| F|  |TS  0|AC  0|TAMS 0x0000000706900000, 0x0000000706900000|
|  86|0x0000000706a00000, 0x0000000706a00000, 0x0000000706b00000|  0%| F|  |TS  0|AC  0|TAMS 0x0000000706a00000, 0x0000000706a00000|
|  87|0x0000000706b00000, 0x0000000706b00000, 0x0000000706c00000|  0%| F|  |TS  0|AC  0|TAMS 0x0000000706b00000, 0x0000000706b00000|
|  88|0x0000000706c00000, 0x0000000706c00000, 0x0000000706d00000|  0%| F|  |TS  0|AC  0|TAMS 0x0000000706c00000, 0x0000000706c00000|
|  89|0x0000000706d00000, 0x0000000706d00000, 0x0000000706e00000|  0%| F|  |TS  0|AC  0|TAMS 0x0000000706d00000, 0x0000000706d00000|
|  90|0x0000000706e00000, 0x0000000706e00000, 0x0000000706f00000|  0%| F|  |TS  0|AC  0|TAMS 0x0000000706e00000, 0x0000000706e00000|
|  91|0x0000000706f00000, 0x0000000706f00000, 0x0000000707000000|  0%| F|  |TS  0|AC  0|TAMS 0x0000000706f00000, 0x0000000706f00000|
|  92|0x0000000707000000, 0x0000000707000000, 0x0000000707100000|  0%| F|  |TS  0|AC  0|TAMS 0x0000000707000000, 0x0000000707000000|
|  93|0x0000000707100000, 0x0000000707100000, 0x0000000707200000|  0%| F|  |TS  0|AC  0|TAMS 0x0000000707100000, 0x0000000707100000|
|  94|0x0000000707200000, 0x0000000707200000, 0x0000000707300000|  0%| F|  |TS  0|AC  0|TAMS 0x0000000707200000, 0x0000000707200000|
|  95|0x0000000707300000, 0x0000000707300000, 0x0000000707400000|  0%| F|  |TS  0|AC  0|TAMS 0x0000000707300000, 0x0000000707300000|
|  96|0x0000000707400000, 0x0000000707400000, 0x0000000707500000|  0%| F|  |TS  0|AC  0|TAMS 0x0000000707400000, 0x0000000707400000|
|  97|0x0000000707500000, 0x0000000707500000, 0x0000000707600000|  0%| F|  |TS  0|AC  0|TAMS 0x0000000707500000, 0x0000000707500000|
|  98|0x0000000707600000, 0x0000000707600000, 0x0000000707700000|  0%| F|  |TS  0|AC  0|TAMS 0x0000000707600000, 0x0000000707600000|
|  99|0x0000000707700000, 0x0000000707700000, 0x0000000707800000|  0%| F|  |TS  0|AC  0|TAMS 0x0000000707700000, 0x0000000707700000|
| 100|0x0000000707800000, 0x0000000707800000, 0x0000000707900000|  0%| F|  |TS  0|AC  0|TAMS 0x0000000707800000, 0x0000000707800000|
| 101|0x0000000707900000, 0x0000000707900000, 0x0000000707a00000|  0%| F|  |TS  0|AC  0|TAMS 0x0000000707900000, 0x0000000707900000|
| 102|0x0000000707a00000, 0x0000000707a00000, 0x0000000707b00000|  0%| F|  |TS  0|AC  0|TAMS 0x0000000707a00000, 0x0000000707a00000|
| 103|0x0000000707b00000, 0x0000000707b00000, 0x0000000707c00000|  0%| F|  |TS  0|AC  0|TAMS 0x0000000707b00000, 0x0000000707b00000|
| 104|0x0000000707c00000, 0x0000000707c00000, 0x0000000707d00000|  0%| F|  |TS  0|AC  0|TAMS 0x0000000707c00000, 0x0000000707c00000|
| 105|0x0000000707d00000, 0x0000000707d00000, 0x0000000707e00000|  0%| F|  |TS  0|AC  0|TAMS 0x0000000707d00000, 0x0000000707d00000|
| 106|0x0000000707e00000, 0x0000000707e00000, 0x0000000707f00000|  0%| F|  |TS  0|AC  0|TAMS 0x0000000707e00000, 0x0000000707e00000|
| 107|0x0000000707f00000, 0x0000000707f00000, 0x0000000708000000|  0%| F|  |TS  0|AC  0|TAMS 0x0000000707f00000, 0x0000000707f00000|
| 108|0x0000000708000000, 0x0000000708000000, 0x0000000708100000|  0%| F|  |TS  0|AC  0|TAMS 0x0000000708000000, 0x0000000708000000|
| 109|0x0000000708100000, 0x0000000708100000, 0x0000000708200000|  0%| F|  |TS  0|AC  0|TAMS 0x0000000708100000, 0x0000000708100000|
| 110|0x0000000708200000, 0x0000000708200000, 0x0000000708300000|  0%| F|  |TS  0|AC  0|TAMS 0x0000000708200000, 0x0000000708200000|
| 111|0x0000000708300000, 0x0000000708300000, 0x0000000708400000|  0%| F|  |TS  0|AC  0|TAMS 0x0000000708300000, 0x0000000708300000|
| 112|0x0000000708400000, 0x0000000708400000, 0x0000000708500000|  0%| F|  |TS  0|AC  0|TAMS 0x0000000708400000, 0x0000000708400000|
| 113|0x0000000708500000, 0x0000000708500000, 0x0000000708600000|  0%| F|  |TS  0|AC  0|TAMS 0x0000000708500000, 0x0000000708500000|
| 114|0x0000000708600000, 0x0000000708600000, 0x0000000708700000|  0%| F|  |TS  0|AC  0|TAMS 0x0000000708600000, 0x0000000708600000|
| 115|0x0000000708700000, 0x0000000708700000, 0x0000000708800000|  0%| F|  |TS  0|AC  0|TAMS 0x0000000708700000, 0x0000000708700000|
| 116|0x0000000708800000, 0x0000000708800000, 0x0000000708900000|  0%| F|  |TS  0|AC  0|TAMS 0x0000000708800000, 0x0000000708800000|
| 117|0x0000000708900000, 0x0000000708900000, 0x0000000708a00000|  0%| F|  |TS  0|AC  0|TAMS 0x0000000708900000, 0x0000000708900000|
| 118|0x0000000708a00000, 0x0000000708a00000, 0x0000000708b00000|  0%| F|  |TS  0|AC  0|TAMS 0x0000000708a00000, 0x0000000708a00000|
| 119|0x0000000708b00000, 0x0000000708b00000, 0x0000000708c00000|  0%| F|  |TS  0|AC  0|TAMS 0x0000000708b00000, 0x0000000708b00000|
| 120|0x0000000708c00000, 0x0000000708c00000, 0x0000000708d00000|  0%| F|  |TS  0|AC  0|TAMS 0x0000000708c00000, 0x0000000708c00000|
| 121|0x0000000708d00000, 0x0000000708d00000, 0x0000000708e00000|  0%| F|  |TS  0|AC  0|TAMS 0x0000000708d00000, 0x0000000708d00000|
| 122|0x0000000708e00000, 0x0000000708e00000, 0x0000000708f00000|  0%| F|  |TS  0|AC  0|TAMS 0x0000000708e00000, 0x0000000708e00000|
| 123|0x0000000708f00000, 0x0000000708f00000, 0x0000000709000000|  0%| F|  |TS  0|AC  0|TAMS 0x0000000708f00000, 0x0000000708f00000|
| 124|0x0000000709000000, 0x0000000709000000, 0x0000000709100000|  0%| F|  |TS  0|AC  0|TAMS 0x0000000709000000, 0x0000000709000000|
| 125|0x0000000709100000, 0x0000000709100000, 0x0000000709200000|  0%| F|  |TS  0|AC  0|TAMS 0x0000000709100000, 0x0000000709100000|
| 126|0x0000000709200000, 0x0000000709200000, 0x0000000709300000|  0%| F|  |TS  0|AC  0|TAMS 0x0000000709200000, 0x0000000709200000|
| 127|0x0000000709300000, 0x0000000709300000, 0x0000000709400000|  0%| F|  |TS  0|AC  0|TAMS 0x0000000709300000, 0x0000000709300000|
| 128|0x0000000709400000, 0x0000000709400000, 0x0000000709500000|  0%| F|  |TS  0|AC  0|TAMS 0x0000000709400000, 0x0000000709400000|
| 129|0x0000000709500000, 0x0000000709500000, 0x0000000709600000|  0%| F|  |TS  0|AC  0|TAMS 0x0000000709500000, 0x0000000709500000|
| 130|0x0000000709600000, 0x0000000709600000, 0x0000000709700000|  0%| F|  |TS  0|AC  0|TAMS 0x0000000709600000, 0x0000000709600000|
| 131|0x0000000709700000, 0x0000000709700000, 0x0000000709800000|  0%| F|  |TS  0|AC  0|TAMS 0x0000000709700000, 0x0000000709700000|
| 132|0x0000000709800000, 0x0000000709800000, 0x0000000709900000|  0%| F|  |TS  0|AC  0|TAMS 0x0000000709800000, 0x0000000709800000|
| 133|0x0000000709900000, 0x0000000709900000, 0x0000000709a00000|  0%| F|  |TS  0|AC  0|TAMS 0x0000000709900000, 0x0000000709900000|
| 134|0x0000000709a00000, 0x0000000709a00000, 0x0000000709b00000|  0%| F|  |TS  0|AC  0|TAMS 0x0000000709a00000, 0x0000000709a00000|
| 135|0x0000000709b00000, 0x0000000709b00000, 0x0000000709c00000|  0%| F|  |TS  0|AC  0|TAMS 0x0000000709b00000, 0x0000000709b00000|
| 136|0x0000000709c00000, 0x0000000709c00000, 0x0000000709d00000|  0%| F|  |TS  0|AC  0|TAMS 0x0000000709c00000, 0x0000000709c00000|
| 137|0x0000000709d00000, 0x0000000709d00000, 0x0000000709e00000|  0%| F|  |TS  0|AC  0|TAMS 0x0000000709d00000, 0x0000000709d00000|
| 138|0x0000000709e00000, 0x0000000709e00000, 0x0000000709f00000|  0%| F|  |TS  0|AC  0|TAMS 0x0000000709e00000, 0x0000000709e00000|
| 139|0x0000000709f00000, 0x0000000709f00000, 0x000000070a000000|  0%| F|  |TS  0|AC  0|TAMS 0x0000000709f00000, 0x0000000709f00000|
| 140|0x000000070a000000, 0x000000070a000000, 0x000000070a100000|  0%| F|  |TS  0|AC  0|TAMS 0x000000070a000000, 0x000000070a000000|
| 141|0x000000070a100000, 0x000000070a100000, 0x000000070a200000|  0%| F|  |TS  0|AC  0|TAMS 0x000000070a100000, 0x000000070a100000|
| 142|0x000000070a200000, 0x000000070a200000, 0x000000070a300000|  0%| F|  |TS  0|AC  0|TAMS 0x000000070a200000, 0x000000070a200000|
| 143|0x000000070a300000, 0x000000070a300000, 0x000000070a400000|  0%| F|  |TS  0|AC  0|TAMS 0x000000070a300000, 0x000000070a300000|
| 144|0x000000070a400000, 0x000000070a400000, 0x000000070a500000|  0%| F|  |TS  0|AC  0|TAMS 0x000000070a400000, 0x000000070a400000|
| 145|0x000000070a500000, 0x000000070a500000, 0x000000070a600000|  0%| F|  |TS  0|AC  0|TAMS 0x000000070a500000, 0x000000070a500000|
| 146|0x000000070a600000, 0x000000070a600000, 0x000000070a700000|  0%| F|  |TS  0|AC  0|TAMS 0x000000070a600000, 0x000000070a600000|
| 147|0x000000070a700000, 0x000000070a700000, 0x000000070a800000|  0%| F|  |TS  0|AC  0|TAMS 0x000000070a700000, 0x000000070a700000|
| 148|0x000000070a800000, 0x000000070a800000, 0x000000070a900000|  0%| F|  |TS  0|AC  0|TAMS 0x000000070a800000, 0x000000070a800000|
| 149|0x000000070a900000, 0x000000070a900000, 0x000000070aa00000|  0%| F|  |TS  0|AC  0|TAMS 0x000000070a900000, 0x000000070a900000|
| 150|0x000000070aa00000, 0x000000070aa00000, 0x000000070ab00000|  0%| F|  |TS  0|AC  0|TAMS 0x000000070aa00000, 0x000000070aa00000|
| 151|0x000000070ab00000, 0x000000070ab00000, 0x000000070ac00000|  0%| F|  |TS  0|AC  0|TAMS 0x000000070ab00000, 0x000000070ab00000|
| 152|0x000000070ac00000, 0x000000070ac00000, 0x000000070ad00000|  0%| F|  |TS  0|AC  0|TAMS 0x000000070ac00000, 0x000000070ac00000|
| 153|0x000000070ad00000, 0x000000070ad00000, 0x000000070ae00000|  0%| F|  |TS  0|AC  0|TAMS 0x000000070ad00000, 0x000000070ad00000|
| 154|0x000000070ae00000, 0x000000070ae00000, 0x000000070af00000|  0%| F|  |TS  0|AC  0|TAMS 0x000000070ae00000, 0x000000070ae00000|
| 155|0x000000070af00000, 0x000000070af00000, 0x000000070b000000|  0%| F|  |TS  0|AC  0|TAMS 0x000000070af00000, 0x000000070af00000|
| 156|0x000000070b000000, 0x000000070b000000, 0x000000070b100000|  0%| F|  |TS  0|AC  0|TAMS 0x000000070b000000, 0x000000070b000000|
| 157|0x000000070b100000, 0x000000070b100000, 0x000000070b200000|  0%| F|  |TS  0|AC  0|TAMS 0x000000070b100000, 0x000000070b100000|
| 158|0x000000070b200000, 0x000000070b200000, 0x000000070b300000|  0%| F|  |TS  0|AC  0|TAMS 0x000000070b200000, 0x000000070b200000|
| 159|0x000000070b300000, 0x000000070b300000, 0x000000070b400000|  0%| F|  |TS  0|AC  0|TAMS 0x000000070b300000, 0x000000070b300000|
| 160|0x000000070b400000, 0x000000070b400000, 0x000000070b500000|  0%| F|  |TS  0|AC  0|TAMS 0x000000070b400000, 0x000000070b400000|
| 161|0x000000070b500000, 0x000000070b500000, 0x000000070b600000|  0%| F|  |TS  0|AC  0|TAMS 0x000000070b500000, 0x000000070b500000|
| 162|0x000000070b600000, 0x000000070b600000, 0x000000070b700000|  0%| F|  |TS  0|AC  0|TAMS 0x000000070b600000, 0x000000070b600000|
| 163|0x000000070b700000, 0x000000070b700000, 0x000000070b800000|  0%| F|  |TS  0|AC  0|TAMS 0x000000070b700000, 0x000000070b700000|
| 164|0x000000070b800000, 0x000000070b800000, 0x000000070b900000|  0%| F|  |TS  0|AC  0|TAMS 0x000000070b800000, 0x000000070b800000|
| 165|0x000000070b900000, 0x000000070b900000, 0x000000070ba00000|  0%| F|  |TS  0|AC  0|TAMS 0x000000070b900000, 0x000000070b900000|
| 166|0x000000070ba00000, 0x000000070ba00000, 0x000000070bb00000|  0%| F|  |TS  0|AC  0|TAMS 0x000000070ba00000, 0x000000070ba00000|
| 167|0x000000070bb00000, 0x000000070bb00000, 0x000000070bc00000|  0%| F|  |TS  0|AC  0|TAMS 0x000000070bb00000, 0x000000070bb00000|
| 168|0x000000070bc00000, 0x000000070bc00000, 0x000000070bd00000|  0%| F|  |TS  0|AC  0|TAMS 0x000000070bc00000, 0x000000070bc00000|
| 169|0x000000070bd00000, 0x000000070bd00000, 0x000000070be00000|  0%| F|  |TS  0|AC  0|TAMS 0x000000070bd00000, 0x000000070bd00000|
| 170|0x000000070be00000, 0x000000070be00000, 0x000000070bf00000|  0%| F|  |TS  0|AC  0|TAMS 0x000000070be00000, 0x000000070be00000|
| 171|0x000000070bf00000, 0x000000070bf00000, 0x000000070c000000|  0%| F|  |TS  0|AC  0|TAMS 0x000000070bf00000, 0x000000070bf00000|
| 172|0x000000070c000000, 0x000000070c000000, 0x000000070c100000|  0%| F|  |TS  0|AC  0|TAMS 0x000000070c000000, 0x000000070c000000|
| 173|0x000000070c100000, 0x000000070c100000, 0x000000070c200000|  0%| F|  |TS  0|AC  0|TAMS 0x000000070c100000, 0x000000070c100000|
| 174|0x000000070c200000, 0x000000070c200000, 0x000000070c300000|  0%| F|  |TS  0|AC  0|TAMS 0x000000070c200000, 0x000000070c200000|
| 175|0x000000070c300000, 0x000000070c300000, 0x000000070c400000|  0%| F|  |TS  0|AC  0|TAMS 0x000000070c300000, 0x000000070c300000|
| 176|0x000000070c400000, 0x000000070c400000, 0x000000070c500000|  0%| F|  |TS  0|AC  0|TAMS 0x000000070c400000, 0x000000070c400000|
| 177|0x000000070c500000, 0x000000070c500000, 0x000000070c600000|  0%| F|  |TS  0|AC  0|TAMS 0x000000070c500000, 0x000000070c500000|
| 178|0x000000070c600000, 0x000000070c600000, 0x000000070c700000|  0%| F|  |TS  0|AC  0|TAMS 0x000000070c600000, 0x000000070c600000|
| 179|0x000000070c700000, 0x000000070c79a310, 0x000000070c800000| 60%| E|  |TS  0|AC  0|TAMS 0x000000070c700000, 0x000000070c700000|
| 180|0x000000070c800000, 0x000000070c900000, 0x000000070c900000|100%| E|CS|TS  0|AC  0|TAMS 0x000000070c800000, 0x000000070c800000|
| 181|0x000000070c900000, 0x000000070ca00000, 0x000000070ca00000|100%| E|CS|TS  0|AC  0|TAMS 0x000000070c900000, 0x000000070c900000|
| 182|0x000000070ca00000, 0x000000070cb00000, 0x000000070cb00000|100%| E|CS|TS  0|AC  0|TAMS 0x000000070ca00000, 0x000000070ca00000|
| 183|0x000000070cb00000, 0x000000070cc00000, 0x000000070cc00000|100%| E|CS|TS  0|AC  0|TAMS 0x000000070cb00000, 0x000000070cb00000|
| 184|0x000000070cc00000, 0x000000070cd00000, 0x000000070cd00000|100%| E|CS|TS  0|AC  0|TAMS 0x000000070cc00000, 0x000000070cc00000|
| 185|0x000000070cd00000, 0x000000070ce00000, 0x000000070ce00000|100%| E|CS|TS  0|AC  0|TAMS 0x000000070cd00000, 0x000000070cd00000|
| 186|0x000000070ce00000, 0x000000070cf00000, 0x000000070cf00000|100%| E|CS|TS  0|AC  0|TAMS 0x000000070ce00000, 0x000000070ce00000|
| 187|0x000000070cf00000, 0x000000070d000000, 0x000000070d000000|100%| E|CS|TS  0|AC  0|TAMS 0x000000070cf00000, 0x000000070cf00000|
| 188|0x000000070d000000, 0x000000070d100000, 0x000000070d100000|100%| E|CS|TS  0|AC  0|TAMS 0x000000070d000000, 0x000000070d000000|
| 189|0x000000070d100000, 0x000000070d200000, 0x000000070d200000|100%| E|CS|TS  0|AC  0|TAMS 0x000000070d100000, 0x000000070d100000|
| 190|0x000000070d200000, 0x000000070d300000, 0x000000070d300000|100%| E|CS|TS  0|AC  0|TAMS 0x000000070d200000, 0x000000070d200000|
| 191|0x000000070d300000, 0x000000070d400000, 0x000000070d400000|100%| E|CS|TS  0|AC  0|TAMS 0x000000070d300000, 0x000000070d300000|

Card table byte_map: [0x000001d9d45f0000,0x000001d9d4bf0000] byte_map_base: 0x000001d9d0de6000

Marking Bits (Prev, Next): (CMBitMap*) 0x000001d9b84ce770, (CMBitMap*) 0x000001d9b84ce7a8
 Prev Bits: [0x000001d9d51f0000, 0x000001d9d81a0000)
 Next Bits: [0x000001d9d81a0000, 0x000001d9db150000)

Polling page: 0x000001d9b85e0000

CodeHeap 'non-profiled nmethods': size=120064Kb used=276Kb max_used=276Kb free=119787Kb
 bounds [0x000001d9cbe80000, 0x000001d9cc0f0000, 0x000001d9d33c0000]
CodeHeap 'profiled nmethods': size=120000Kb used=1610Kb max_used=1610Kb free=118390Kb
 bounds [0x000001d9c4950000, 0x000001d9c4bc0000, 0x000001d9cbe80000]
CodeHeap 'non-nmethods': size=5696Kb used=1212Kb max_used=1224Kb free=4483Kb
 bounds [0x000001d9c43c0000, 0x000001d9c4630000, 0x000001d9c4950000]
 total_blobs=1376 nmethods=844 adapters=283
 compilation: enabled

Compilation events (10 events):
Event: 1.050 Thread 0x000001d9de130000  839       3       java.nio.Buffer::clear (20 bytes)
Event: 1.050 Thread 0x000001d9de0c2000  842       4       java.lang.String::checkBoundsBeginEnd (60 bytes)
Event: 1.050 Thread 0x000001d9de130000 nmethod 839 0x000001d9c4ae1990 code [0x000001d9c4ae1b40, 0x000001d9c4ae1cb8]
Event: 1.050 Thread 0x000001d9de130000  841       3       java.lang.Character::digit (6 bytes)
Event: 1.050 Thread 0x000001d9de130000 nmethod 841 0x000001d9c4ae1d90 code [0x000001d9c4ae1f60, 0x000001d9c4ae2200]
Event: 1.050 Thread 0x000001d9de130000  843       1       com.sun.org.apache.xerces.internal.util.XMLAttributesImpl::getLength (5 bytes)
Event: 1.050 Thread 0x000001d9de130000 nmethod 843 0x000001d9cbec4c10 code [0x000001d9cbec4dc0, 0x000001d9cbec4ed8]
Event: 1.050 Thread 0x000001d9de130000  844       3       com.sun.org.apache.xerces.internal.util.XMLChar::isContent (35 bytes)
Event: 1.051 Thread 0x000001d9de130000 nmethod 844 0x000001d9c4ae2310 code [0x000001d9c4ae24c0, 0x000001d9c4ae2738]
Event: 1.051 Thread 0x000001d9de0c2000 nmethod 842 0x000001d9cbec4f90 code [0x000001d9cbec5120, 0x000001d9cbec51b8]

GC Heap History (0 events):
No events

Deoptimization events (3 events):
Event: 0.367 Thread 0x000001d9b8415800 Uncommon trap: reason=range_check action=reinterpret pc=0x000001d9cbe83c90 method=java.lang.StringLatin1.indexOf([BII)I @ 13 c2
Event: 0.510 Thread 0x000001d9b8415800 Uncommon trap: reason=unstable_if action=reinterpret pc=0x000001d9cbe82e80 method=java.lang.String.charAt(I)C @ 4 c2
Event: 0.617 Thread 0x000001d9b8415800 Uncommon trap: reason=unstable_if action=reinterpret pc=0x000001d9cbe94c80 method=java.io.WinNTFileSystem.isSlash(C)Z @ 9 c2

Classes redefined (3 events):
Event: 239.735 Thread 0x000001d9de0b2000 redefined class name=GraphBuildingHandler, count=1
Event: 425.074 Thread 0x000001d9de0b2000 redefined class name=GraphBuildingHandler, count=2
Event: 449.661 Thread 0x000001d9de0b2000 redefined class name=GraphBuildingHandler, count=3

Internal exceptions (10 events):
Event: 0.807 Thread 0x000001d9b8415800 Exception <a 'java/lang/NoSuchMethodError'{0x000000070ca2e728}: java.lang.Object.lambda$union$2(Ljava/util/regex/Pattern$CharPredicate;I)Z> (0x000000070ca2e728) thrown at [t:/workspace/hotspot/src/share/vm/interpreter/linkResolver.cpp, line 731]
Event: 0.948 Thread 0x000001d9b8415800 Exception <a 'java/lang/NoSuchMethodError'{0x000000070c9b6080}: method resolution failed> (0x000000070c9b6080) thrown at [t:/workspace/hotspot/src/share/vm/prims/methodHandles.cpp, line 1256]
Event: 0.951 Thread 0x000001d9b8415800 Exception <a 'java/lang/NoSuchMethodError'{0x000000070c9c7b28}: method resolution failed> (0x000000070c9c7b28) thrown at [t:/workspace/hotspot/src/share/vm/prims/methodHandles.cpp, line 1256]
Event: 0.955 Thread 0x000001d9b8415800 Exception <a 'java/lang/NoSuchMethodError'{0x000000070c9d8ed0}: java.lang.invoke.DirectMethodHandle$Holder.invokeSpecial(Ljava/lang/Object;Ljava/lang/Object;IILjava/lang/Object;Ljava/lang/Object;Ljava/lang/Object;)Ljava/lang/Object;> (0x000000070c9d8ed0) 
Event: 0.955 Thread 0x000001d9b8415800 Exception <a 'java/lang/NoSuchMethodError'{0x000000070c9dc4e8}: java.lang.invoke.DelegatingMethodHandle$Holder.reinvoke_L(Ljava/lang/Object;IILjava/lang/Object;Ljava/lang/Object;Ljava/lang/Object;)Ljava/lang/Object;> (0x000000070c9dc4e8) thrown at [t:/wor
Event: 0.957 Thread 0x000001d9b8415800 Exception <a 'java/lang/NoSuchMethodError'{0x000000070c9e2050}: method resolution failed> (0x000000070c9e2050) thrown at [t:/workspace/hotspot/src/share/vm/prims/methodHandles.cpp, line 1256]
Event: 0.960 Thread 0x000001d9b8415800 Exception <a 'java/lang/NoSuchMethodError'{0x000000070c9f99b8}: method resolution failed> (0x000000070c9f99b8) thrown at [t:/workspace/hotspot/src/share/vm/prims/methodHandles.cpp, line 1256]
Event: 0.962 Thread 0x000001d9b8415800 Exception <a 'java/lang/NoSuchMethodError'{0x000000070c810020}: method resolution failed> (0x000000070c810020) thrown at [t:/workspace/hotspot/src/share/vm/prims/methodHandles.cpp, line 1256]
Event: 0.964 Thread 0x000001d9b8415800 Exception <a 'java/lang/NoSuchMethodError'{0x000000070c827b18}: method resolution failed> (0x000000070c827b18) thrown at [t:/workspace/hotspot/src/share/vm/prims/methodHandles.cpp, line 1256]
Event: 0.969 Thread 0x000001d9b8415800 Exception <a 'java/lang/NoSuchMethodError'{0x000000070c8412a0}: method resolution failed> (0x000000070c8412a0) thrown at [t:/workspace/hotspot/src/share/vm/prims/methodHandles.cpp, line 1256]

Events (10 events):
Event: 449.662 Executing VM operation: RedefineClasses done
Event: 449.664 Executing VM operation: GetFrameCount
Event: 449.664 Executing VM operation: GetFrameCount done
Event: 449.664 Executing VM operation: GetFrameCount
Event: 449.664 Executing VM operation: GetFrameCount done
Event: 449.664 Executing VM operation: GetFrameLocation
Event: 449.664 Executing VM operation: GetFrameLocation done
Event: 449.665 Executing VM operation: GetFrameLocation
Event: 449.665 Executing VM operation: GetFrameLocation done
Event: 449.665 Executing VM operation: GetOrSetLocal


Dynamic libraries:
0x00007ff7d3320000 - 0x00007ff7d335e000 	C:\Program Files\Java\jdk-9.0.1\bin\java.exe
0x00007ff86d6b0000 - 0x00007ff86d882000 	C:\windows\SYSTEM32\ntdll.dll
0x00007ff86b140000 - 0x00007ff86b1ec000 	C:\windows\System32\KERNEL32.DLL
0x00007ff86a120000 - 0x00007ff86a33d000 	C:\windows\System32\KERNELBASE.dll
0x00007ff86d5a0000 - 0x00007ff86d642000 	C:\windows\System32\ADVAPI32.dll
0x00007ff86c990000 - 0x00007ff86ca2e000 	C:\windows\System32\msvcrt.dll
0x00007ff86cd10000 - 0x00007ff86cd69000 	C:\windows\System32\sechost.dll
0x00007ff86c860000 - 0x00007ff86c981000 	C:\windows\System32\RPCRT4.dll
0x00007ff86d080000 - 0x00007ff86d1e5000 	C:\windows\System32\USER32.dll
0x00007ff869ed0000 - 0x00007ff869eee000 	C:\windows\System32\win32u.dll
0x00007ff86b100000 - 0x00007ff86b134000 	C:\windows\System32\GDI32.dll
0x00007ff869fa0000 - 0x00007ff86a120000 	C:\windows\System32\gdi32full.dll
0x00007ff85c110000 - 0x00007ff85c11a000 	C:\windows\SYSTEM32\VERSION.dll
0x00007ff85c940000 - 0x00007ff85cbba000 	C:\windows\WinSxS\amd64_microsoft.windows.common-controls_6595b64144ccf1df_6.0.14393.953_none_42151e83c686086b\COMCTL32.dll
0x00007ff86ca40000 - 0x00007ff86cd08000 	C:\windows\System32\combase.dll
0x00007ff86a340000 - 0x00007ff86a435000 	C:\windows\System32\ucrtbase.dll
0x00007ff86a440000 - 0x00007ff86a4aa000 	C:\windows\System32\bcryptPrimitives.dll
0x00007ff86b0d0000 - 0x00007ff86b0fe000 	C:\windows\System32\IMM32.DLL
0x00007ff855c90000 - 0x00007ff855d7f000 	C:\Program Files\Java\jdk-9.0.1\bin\msvcr120.dll
0x00007ff855be0000 - 0x00007ff855c86000 	C:\Program Files\Java\jdk-9.0.1\bin\msvcp120.dll
0x0000000075700000 - 0x0000000076124000 	C:\Program Files\Java\jdk-9.0.1\bin\server\jvm.dll
0x00007ff86d420000 - 0x00007ff86d428000 	C:\windows\System32\PSAPI.DLL
0x00007ff867f10000 - 0x00007ff867f33000 	C:\windows\SYSTEM32\WINMM.dll
0x00007ff8599e0000 - 0x00007ff8599e9000 	C:\windows\SYSTEM32\WSOCK32.dll
0x00007ff867eb0000 - 0x00007ff867edb000 	C:\windows\SYSTEM32\WINMMBASE.dll
0x00007ff86cf50000 - 0x00007ff86cfba000 	C:\windows\System32\WS2_32.dll
0x00007ff869bb0000 - 0x00007ff869bf2000 	C:\windows\System32\cfgmgr32.dll
0x00007ff866f40000 - 0x00007ff866f4f000 	C:\Program Files\Java\jdk-9.0.1\bin\verify.dll
0x00007ff865c60000 - 0x00007ff865c87000 	C:\Program Files\Java\jdk-9.0.1\bin\java.dll
0x00007ff84b430000 - 0x00007ff84b466000 	C:\Program Files\Java\jdk-9.0.1\bin\jdwp.dll
0x00007ff85ad20000 - 0x00007ff85ad4a000 	C:\Program Files\Java\jdk-9.0.1\bin\instrument.dll
0x00007ff865db0000 - 0x00007ff865dc6000 	C:\Program Files\Java\jdk-9.0.1\bin\zip.dll
0x00007ff866ed0000 - 0x00007ff866eda000 	C:\Program Files\Java\jdk-9.0.1\bin\jimage.dll
0x00007ff86b350000 - 0x00007ff86c859000 	C:\windows\System32\SHELL32.dll
0x00007ff86a4b0000 - 0x00007ff86ab89000 	C:\windows\System32\windows.storage.dll
0x00007ff869b50000 - 0x00007ff869b9c000 	C:\windows\System32\powrprof.dll
0x00007ff86d220000 - 0x00007ff86d272000 	C:\windows\System32\shlwapi.dll
0x00007ff869ba0000 - 0x00007ff869baf000 	C:\windows\System32\kernel.appcore.dll
0x00007ff869ef0000 - 0x00007ff869f99000 	C:\windows\System32\shcore.dll
0x00007ff869b30000 - 0x00007ff869b44000 	C:\windows\System32\profapi.dll
0x00007ff85db90000 - 0x00007ff85dbaa000 	C:\Program Files\Java\jdk-9.0.1\bin\net.dll
0x00007ff85eed0000 - 0x00007ff85ef9d000 	C:\windows\SYSTEM32\WINHTTP.dll
0x00007ff869450000 - 0x00007ff8694ac000 	C:\windows\system32\mswsock.dll
0x00007ff85db50000 - 0x00007ff85db61000 	C:\Program Files\Java\jdk-9.0.1\bin\nio.dll
0x00007ff85dcd0000 - 0x00007ff85dcda000 	C:\Program Files\Java\jdk-9.0.1\bin\dt_socket.dll
0x00007ff866f80000 - 0x00007ff867112000 	C:\windows\SYSTEM32\dbghelp.dll

VM Arguments:
jvm_args: -agentlib:jdwp=transport=dt_socket,address=127.0.0.1:56535,suspend=y,server=n -ea -Didea.test.cyclic.buffer.size=1048576 -javaagent:C:\Users\ALEXMC~1\AppData\Local\Temp\capture153jars\debugger-agent.jar=C:\Users\ALEXMC~1\AppData\Local\Temp\capture552.props -Dfile.encoding=UTF-8 
java_command: com.intellij.rt.execution.junit.JUnitStarter -ideVersion5 -junit4 TestGraphBuildingTiny
java_class_path (initial): C:\Program Files\JetBrains\IntelliJ IDEA Community Edition 2017.3.3\lib\idea_rt.jar;C:\Program Files\JetBrains\IntelliJ IDEA Community Edition 2017.3.3\plugins\junit\lib\junit-rt.jar;C:\Program Files\JetBrains\IntelliJ IDEA Community Edition 2017.3.3\plugins\junit\lib\junit5-rt.jar;C:\Users\Alex McMurry\cs61b\sp18-aid\proj3\target\test-classes;C:\Users\Alex McMurry\cs61b\sp18-aid\proj3\target\classes;C:\Users\Alex McMurry\.m2\repository\com\sparkjava\spark-core\2.7.2\spark-core-2.7.2.jar;C:\Users\Alex McMurry\.m2\repository\org\slf4j\slf4j-api\1.7.13\slf4j-api-1.7.13.jar;C:\Users\Alex McMurry\.m2\repository\org\eclipse\jetty\jetty-server\9.4.8.v20171121\jetty-server-9.4.8.v20171121.jar;C:\Users\Alex McMurry\.m2\repository\javax\servlet\javax.servlet-api\3.1.0\javax.servlet-api-3.1.0.jar;C:\Users\Alex McMurry\.m2\repository\org\eclipse\jetty\jetty-http\9.4.8.v20171121\jetty-http-9.4.8.v20171121.jar;C:\Users\Alex McMurry\.m2\repository\org\eclipse\jetty\jetty-util\9.4.8.v20171121\jetty-util-9.4.8.v20171121.jar;C:\Users\Alex McMurry\.m2\repository\org\eclipse\jetty\jetty-io\9.4.8.v20171121\jetty-io-9.4.8.v20171121.jar;C:\Users\Alex McMurry\.m2\repository\org\eclipse\jetty\jetty-webapp\9.4.8.v20171121\jetty-webapp-9.4.8.v20171121.jar;C:\Users\Alex McMurry\.m2\repository\org\eclipse\jetty\jetty-xml\9.4.8.v20171121\jetty-xml-9.4.8.v20171121.jar;C:\Users\Alex McMurry\.m2\repository\org\eclipse\jetty\jetty-servlet\9.4.8.v20171121\jetty-servlet-9.4.8.v20171121.jar;C:\Users\Alex McMurry\.m2\repository\org\eclipse\jetty\jetty-security\9.4.8.v20171121\jetty-security-9.4.8.v20171121.jar;C:\Users\Alex McMurry\.m2\repository\org\eclipse\jetty\websocket\websocket-server\9.4.8.v20171121\websocket-server-9.4.8.v20171121.jar;C:\Users\Alex McMurry\.m2\repository\org\eclipse\jetty\websocket\websocket-common\9.4.8.v20171121\websocket-common-9.4.8.v20171121.jar;C:\Users\Alex McMurry\.m2\repository\org\eclipse\jetty\websocket\websocket-client\9.4.8.v20171121\we
Launcher Type: SUN_STANDARD

Logging:
Log output configuration:
#0: stdout all=warning uptime,level,tags
#1: stderr all=off uptime,level,tags

Environment Variables:
JAVA_HOME=C:\Program Files\Java\jdk-9.0.1
PATH=C:\ProgramData\Anaconda3;C:\ProgramData\Anaconda3\Library\mingw-w64\bin;C:\ProgramData\Anaconda3\Library\usr\bin;C:\ProgramData\Anaconda3\Library\bin;C:\ProgramData\Anaconda3\Scripts;C:\Program Files\Java\jdk-9.0.1\bin;C:\Users\Alex McMurry\AppData\Local\Programs\Python\Python36\python.exe;C:\Users\Alex McMurry\AppData\Local\Programs\Python\Python36\Scripts\;C:\Users\Alex McMurry\AppData\Local\Programs\Python\Python36\;C:\Users\Alex McMurry\AppData\Local\Microsoft\WindowsApps;
USERNAME=Alex McMurry
OS=Windows_NT
PROCESSOR_IDENTIFIER=Intel64 Family 6 Model 142 Stepping 9, GenuineIntel



---------------  S Y S T E M  ---------------

OS: Windows 10 , 64 bit Build 14393 (10.0.14393.1198)

CPU:total 4 (initial active 4) (2 cores per cpu, 2 threads per core) family 6 model 142 stepping 9, cmov, cx8, fxsr, mmx, sse, sse2, sse3, ssse3, sse4.1, sse4.2, popcnt, avx, avx2, aes, clmul, erms, 3dnowpref, lzcnt, ht, tsc, tscinvbit, bmi1, bmi2, adx, fma

Memory: 4k page, physical 12494528k(4544664k free), swap 24543020k(9027724k free)

vm_info: Java HotSpot(TM) 64-Bit Server VM (9.0.1+11) for windows-amd64 JRE (9.0.1+11), built on Sep 28 2017 04:54:03 by "mach5one" with MS VC++ 12.0 (VS2013)

END.
